Needed to allocate blacklisted block at 0x13c000
Mon Nov 14 14:51:03 2005 :: [*****] BUG: Get_room_index: bad vnum 4207 while booting.
Mon Nov 14 14:51:03 2005 :: [*****] BUG: Get_room_index: bad vnum 4201 while booting.
Mon Nov 14 14:51:03 2005 :: Holy: Zeus' Revenge vnum 931 after 38
Mon Nov 14 14:51:03 2005 :: Vorpal: sword gnome vnum 1504 after 58
Mon Nov 14 14:51:03 2005 :: Holy: club wooden vnum 1524 after 10
Mon Nov 14 14:51:03 2005 :: Holy: club wooden vnum 1524 after 3
Mon Nov 14 14:51:03 2005 :: Holy: dagger silver vnum 2201 after 94
Mon Nov 14 14:51:03 2005 :: Holy: sword short vnum 3500 after 152
Mon Nov 14 14:51:03 2005 :: Favored: two-handed two sword vnum 5221 after 128
Mon Nov 14 14:51:03 2005 :: Vorpal: dwarven hammer vnum 6504 after 48
Mon Nov 14 14:51:03 2005 :: Vorpal: sword long vnum 3022 after 63
Mon Nov 14 14:51:03 2005 :: Holy: thin chain vnum 8022 after 72
Mon Nov 14 14:51:03 2005 :: Holy: bashball bat two-handed vnum 8006 after 24
Mon Nov 14 14:51:03 2005 :: Holy: staff wooden vnum 8910 after 66
Mon Nov 14 14:51:03 2005 :: Holy: switchblade vnum 17647 after 201
Mon Nov 14 14:51:03 2005 :: Holy: monkey wrench vnum 18428 after 36
Mon Nov 14 14:51:03 2005 :: Favored: painted white chain vnum 20731 after 33
Mon Nov 14 14:51:03 2005 :: Holy: weasel tooth vnum 22900 after 40
Mon Nov 14 14:51:03 2005 :: [*****] BUG: Reset_area: 'O': bad vnum 4206.
Mon Nov 14 14:51:03 2005 :: [*****] BUG: Read_object: vnum 31162 bad type.
Mon Nov 14 14:51:03 2005 :: Holy: a waterlogged lance vnum 5525 after 136
Mon Nov 14 14:51:03 2005 :: Holy: body water wierd vnum 22569 after 12
Mon Nov 14 14:51:03 2005 :: [*****] BUG: Read_object: vnum 9900 bad type.
Mon Nov 14 14:51:03 2005 :: MHS is ready on port 8080.
Mon Nov 14 15:53:37 2005 :: [*****] BUG: Reset_area: 'O': bad vnum 4206.
Mon Nov 14 15:55:51 2005 :: Holy: rusty sword curved scimitar vnum 3421 after 107
