Needed to allocate blacklisted block at 0x13a000
/mud/moosehead/area/immort.are: No such file or directory
Sun Dec 14 08:50:54 2003 :: Skipping area '/mud/moosehead/area/immort.are'
/mud/moosehead/area/immort.are: No such file or directory
Sun Dec 14 08:50:54 2003 :: Skipping area '/mud/moosehead/area/immort.are'
Sun Dec 14 08:50:54 2003 :: [*****] BUG: Get_room_index: bad vnum 1219 while booting.
Sun Dec 14 08:50:54 2003 :: [*****] BUG: Get_room_index: bad vnum 1219 while booting.
Sun Dec 14 08:50:54 2003 :: [*****] BUG: Get_room_index: bad vnum 1219 while booting.
Sun Dec 14 08:50:54 2003 :: [*****] BUG: Get_room_index: bad vnum 1213 while booting.
Sun Dec 14 08:50:54 2003 :: [*****] BUG: Get_room_index: bad vnum 1209 while booting.
Sun Dec 14 08:50:54 2003 :: [*****] BUG: Get_room_index: bad vnum 1213 while booting.
Sun Dec 14 08:50:54 2003 :: [*****] BUG: Get_room_index: bad vnum 4207 while booting.
Sun Dec 14 08:50:54 2003 :: [*****] BUG: Get_room_index: bad vnum 4201 while booting.
Sun Dec 14 08:50:54 2003 :: [*****] BUG: Get_room_index: bad vnum 1212 while booting.
Sun Dec 14 08:50:54 2003 :: [*****] BUG: Get_room_index: bad vnum 1215 while booting.
Sun Dec 14 08:50:54 2003 :: Holy: claymore sword vnum 630 after 5
Sun Dec 14 08:50:54 2003 :: Vorpal: wooden bardiche vnum 1115 after 43
Sun Dec 14 08:50:54 2003 :: Holy: ebony kris vnum 1400 after 33
Sun Dec 14 08:50:54 2003 :: [*****] BUG: Reset_area: 'E' or 'G': bad vnum 4202.
Sun Dec 14 08:50:54 2003 :: [*****] BUG: Reset_area: 'P': bad vnum 4202.
Sun Dec 14 08:50:54 2003 :: [*****] BUG: Reset_area: 'P': bad vnum 4202.
Sun Dec 14 08:50:54 2003 :: [*****] BUG: Reset_area: 'P': bad vnum 4202.
Sun Dec 14 08:50:54 2003 :: [*****] BUG: Reset_area: 'P': bad vnum 4202.
Sun Dec 14 08:50:54 2003 :: [*****] BUG: Reset_area: 'P': bad vnum 4202.
Sun Dec 14 08:50:54 2003 :: Favored: spear jagged vnum 2200 after 113
Sun Dec 14 08:50:54 2003 :: Vorpal: excalibur sword vnum 2406 after 58
Sun Dec 14 08:50:54 2003 :: Holy: tree branch vnum 2735 after 21
Sun Dec 14 08:50:54 2003 :: [*****] BUG: Reset_area: 'E' or 'G': bad vnum 1215.
Sun Dec 14 08:50:54 2003 :: Holy: sword greyskull vnum 6406 after 245
Sun Dec 14 08:50:54 2003 :: Holy: broom vnum 6622 after 25
Sun Dec 14 08:50:54 2003 :: [*****] BUG: Reset_area: 'E' or 'G': bad vnum 1215.
Sun Dec 14 08:50:54 2003 :: Holy: sword vorpal blade two-handed vnum 10407 after 296
Sun Dec 14 08:50:54 2003 :: Holy: steel rapier vnum 16100 after 49
Sun Dec 14 08:50:54 2003 :: Vorpal: orc spear vnum 17000 after 18
Sun Dec 14 08:50:54 2003 :: [*****] BUG: Reset_area: 'O': bad vnum 4207.
Sun Dec 14 08:50:54 2003 :: Holy: gold talon vnum 17653 after 44
Sun Dec 14 08:50:54 2003 :: Favored: rod swizzel glass vnum 18431 after 39
Sun Dec 14 08:50:54 2003 :: [*****] BUG: Reset_area: 'O': bad vnum 4206.
Sun Dec 14 08:50:54 2003 :: [*****] BUG: Read_object: vnum 31162 bad type.
Sun Dec 14 08:50:54 2003 :: MHS is ready on port 8080.
