Needed to allocate blacklisted block at 0x13b000
Thu Nov 27 17:42:00 2003 :: [*****] BUG: Get_room_index: bad vnum 4207 while booting.
Thu Nov 27 17:42:00 2003 :: [*****] BUG: Get_room_index: bad vnum 4201 while booting.
Thu Nov 27 17:42:00 2003 :: Holy: sun sword vnum 923 after 38
Thu Nov 27 17:42:00 2003 :: Vorpal: toy boomerang vnum 1502 after 47
Thu Nov 27 17:42:00 2003 :: Holy: club wooden vnum 1524 after 13
Thu Nov 27 17:42:00 2003 :: [*****] BUG: Reset_area: 'E' or 'G': bad vnum 4202.
Thu Nov 27 17:42:00 2003 :: [*****] BUG: Reset_area: 'P': bad vnum 4202.
Thu Nov 27 17:42:00 2003 :: [*****] BUG: Reset_area: 'P': bad vnum 4202.
Thu Nov 27 17:42:00 2003 :: [*****] BUG: Reset_area: 'P': bad vnum 4202.
Thu Nov 27 17:42:00 2003 :: [*****] BUG: Reset_area: 'P': bad vnum 4202.
Thu Nov 27 17:42:00 2003 :: [*****] BUG: Reset_area: 'P': bad vnum 4202.
Thu Nov 27 17:42:00 2003 :: Holy: mace huge mithril vnum 2323 after 141
Thu Nov 27 17:42:00 2003 :: Holy: sword standard merc vnum 3350 after 73
Thu Nov 27 17:42:00 2003 :: Favored: sword standard merc vnum 3350 after 4
Thu Nov 27 17:42:00 2003 :: Holy: sword long vnum 3022 after 13
Thu Nov 27 17:42:00 2003 :: Holy: two-handed dwarven axe vnum 6509 after 201
Thu Nov 27 17:42:00 2003 :: Vorpal: club electric shock vnum 8015 after 179
Thu Nov 27 17:42:00 2003 :: Vorpal: bec corbin vnum 9506 after 78
Thu Nov 27 17:42:00 2003 :: [*****] BUG: Reset_area: 'O': bad vnum 4207.
Thu Nov 27 17:42:00 2003 :: Holy: flail sub merc vnum 3720 after 192
Thu Nov 27 17:42:00 2003 :: Vorpal: rat tail vnum 22011 after 48
Thu Nov 27 17:42:00 2003 :: Favored: double dagger vnum 22926 after 28
Thu Nov 27 17:42:00 2003 :: Holy: battle axe vnum 28051 after 17
Thu Nov 27 17:42:00 2003 :: [*****] BUG: Reset_area: 'O': bad vnum 4206.
Thu Nov 27 17:42:00 2003 :: [*****] BUG: Read_object: vnum 31162 bad type.
Thu Nov 27 17:42:00 2003 :: Vorpal: daet kachi daet'kachi blades vnum 12003 after 79
Thu Nov 27 17:42:00 2003 :: Favored: flail mind freeze vnum 23575 after 55
Thu Nov 27 17:42:00 2003 :: MHS is ready on port 8080.
Thu Nov 27 17:42:20 2003 :: Sock.sinaddr:  131.191.24.66
Thu Nov 27 17:42:29 2003 :: Loading Boogums.
Thu Nov 27 17:42:32 2003 :: Boogums@wacked.code.are.us has connected.
Thu Nov 27 17:43:18 2003 :: Boogums has quit.
Thu Nov 27 18:39:56 2003 :: [*****] BUG: Reset_area: 'E' or 'G': bad vnum 4202.
Thu Nov 27 18:39:56 2003 :: [*****] BUG: Reset_area: 'P': bad vnum 4202.
Thu Nov 27 18:39:56 2003 :: [*****] BUG: Reset_area: 'P': bad vnum 4202.
Thu Nov 27 18:39:56 2003 :: [*****] BUG: Reset_area: 'P': bad vnum 4202.
Thu Nov 27 18:39:56 2003 :: [*****] BUG: Reset_area: 'P': bad vnum 4202.
Thu Nov 27 18:39:56 2003 :: [*****] BUG: Reset_area: 'P': bad vnum 4202.
Thu Nov 27 18:42:04 2003 :: [*****] BUG: Reset_area: 'O': bad vnum 4207.
Thu Nov 27 18:42:04 2003 :: [*****] BUG: Reset_area: 'O': bad vnum 4206.
Thu Nov 27 19:41:48 2003 :: [*****] BUG: Reset_area: 'E' or 'G': bad vnum 4202.
Thu Nov 27 19:41:48 2003 :: [*****] BUG: Reset_area: 'P': bad vnum 4202.
Thu Nov 27 19:41:48 2003 :: [*****] BUG: Reset_area: 'P': bad vnum 4202.
Thu Nov 27 19:41:48 2003 :: [*****] BUG: Reset_area: 'P': bad vnum 4202.
Thu Nov 27 19:41:48 2003 :: [*****] BUG: Reset_area: 'P': bad vnum 4202.
Thu Nov 27 19:41:48 2003 :: [*****] BUG: Reset_area: 'P': bad vnum 4202.
Thu Nov 27 19:43:56 2003 :: [*****] BUG: Reset_area: 'O': bad vnum 4207.
Thu Nov 27 19:43:56 2003 :: [*****] BUG: Reset_area: 'O': bad vnum 4206.
Thu Nov 27 20:45:47 2003 :: [*****] BUG: Reset_area: 'E' or 'G': bad vnum 4202.
Thu Nov 27 20:45:47 2003 :: [*****] BUG: Reset_area: 'P': bad vnum 4202.
Thu Nov 27 20:45:47 2003 :: [*****] BUG: Reset_area: 'P': bad vnum 4202.
Thu Nov 27 20:45:47 2003 :: [*****] BUG: Reset_area: 'P': bad vnum 4202.
Thu Nov 27 20:45:47 2003 :: [*****] BUG: Reset_area: 'P': bad vnum 4202.
Thu Nov 27 20:45:47 2003 :: [*****] BUG: Reset_area: 'P': bad vnum 4202.
Thu Nov 27 20:47:55 2003 :: Holy: hammer copper vnum 2286 after 146
Thu Nov 27 20:50:03 2003 :: [*****] BUG: Reset_area: 'O': bad vnum 4207.
Thu Nov 27 20:50:03 2003 :: [*****] BUG: Reset_area: 'O': bad vnum 4206.
Thu Nov 27 21:51:58 2003 :: [*****] BUG: Reset_area: 'E' or 'G': bad vnum 4202.
Thu Nov 27 21:51:58 2003 :: [*****] BUG: Reset_area: 'P': bad vnum 4202.
Thu Nov 27 21:51:58 2003 :: [*****] BUG: Reset_area: 'P': bad vnum 4202.
Thu Nov 27 21:51:58 2003 :: [*****] BUG: Reset_area: 'P': bad vnum 4202.
Thu Nov 27 21:51:58 2003 :: [*****] BUG: Reset_area: 'P': bad vnum 4202.
Thu Nov 27 21:51:58 2003 :: [*****] BUG: Reset_area: 'P': bad vnum 4202.
Thu Nov 27 21:51:58 2003 :: [*****] BUG: Reset_area: 'O': bad vnum 4207.
Thu Nov 27 21:54:06 2003 :: [*****] BUG: Reset_area: 'O': bad vnum 4206.
Thu Nov 27 22:56:01 2003 :: [*****] BUG: Reset_area: 'O': bad vnum 4206.
Thu Nov 27 22:58:09 2003 :: [*****] BUG: Reset_area: 'E' or 'G': bad vnum 4202.
Thu Nov 27 22:58:09 2003 :: [*****] BUG: Reset_area: 'P': bad vnum 4202.
Thu Nov 27 22:58:09 2003 :: [*****] BUG: Reset_area: 'P': bad vnum 4202.
Thu Nov 27 22:58:09 2003 :: [*****] BUG: Reset_area: 'P': bad vnum 4202.
Thu Nov 27 22:58:09 2003 :: [*****] BUG: Reset_area: 'P': bad vnum 4202.
Thu Nov 27 22:58:09 2003 :: [*****] BUG: Reset_area: 'P': bad vnum 4202.
Thu Nov 27 22:58:09 2003 :: [*****] BUG: Reset_area: 'O': bad vnum 4207.
Thu Nov 27 23:04:13 2003 :: Sock.sinaddr:  131.191.24.66
Thu Nov 27 23:04:18 2003 :: Loading Boogums.
Thu Nov 27 23:04:20 2003 :: Boogums@wacked.code.are.us has connected.
Thu Nov 27 23:06:22 2003 :: Reset: 9500 2 16384
Thu Nov 27 23:06:22 2003 :: Reset: 9500 3 16384
Thu Nov 27 23:06:22 2003 :: Reset: 9500 4 16384
Thu Nov 27 23:06:22 2003 :: Reset: 9501 5 16384
Thu Nov 27 23:06:22 2003 :: Reset: 9502 0 16384
Thu Nov 27 23:06:22 2003 :: Reset: 9502 5 16451
Thu Nov 27 23:06:22 2003 :: Reset: 9503 0 16384
Thu Nov 27 23:06:22 2003 :: Reset: 9503 2 16384
Thu Nov 27 23:06:22 2003 :: Reset: 9504 0 16384
Thu Nov 27 23:06:22 2003 :: Reset: 9504 2 16384
Thu Nov 27 23:06:22 2003 :: Reset: 9505 0 16384
Thu Nov 27 23:06:22 2003 :: Reset: 9505 1 16384
Thu Nov 27 23:06:22 2003 :: Reset: 9505 2 16384
Thu Nov 27 23:06:22 2003 :: Reset: 9505 3 16384
Thu Nov 27 23:06:22 2003 :: Reset: 9506 0 16384
Thu Nov 27 23:06:22 2003 :: Reset: 9506 1 16384
Thu Nov 27 23:06:22 2003 :: Reset: 9506 2 16384
Thu Nov 27 23:06:22 2003 :: Reset: 9506 3 16384
Thu Nov 27 23:06:22 2003 :: Reset: 9507 0 16384
Thu Nov 27 23:06:22 2003 :: Reset: 9507 1 16384
Thu Nov 27 23:06:22 2003 :: Reset: 9507 2 16384
Thu Nov 27 23:06:22 2003 :: Reset: 9507 3 16384
Thu Nov 27 23:06:22 2003 :: Reset: 9508 0 16384
Thu Nov 27 23:06:22 2003 :: Reset: 9508 1 16384
Thu Nov 27 23:06:22 2003 :: Reset: 9508 2 16384
Thu Nov 27 23:06:22 2003 :: Reset: 9508 3 16384
Thu Nov 27 23:06:22 2003 :: Reset: 9509 0 16384
Thu Nov 27 23:06:22 2003 :: Reset: 9509 1 16384
Thu Nov 27 23:06:22 2003 :: Reset: 9509 2 16384
Thu Nov 27 23:06:22 2003 :: Reset: 9509 3 16384
Thu Nov 27 23:06:22 2003 :: Reset: 9510 0 16384
Thu Nov 27 23:06:22 2003 :: Reset: 9510 1 16384
Thu Nov 27 23:06:22 2003 :: Reset: 9510 2 16384
Thu Nov 27 23:06:22 2003 :: Reset: 9510 3 16384
Thu Nov 27 23:06:22 2003 :: Reset: 9511 0 16387
Thu Nov 27 23:06:22 2003 :: Reset: 9511 2 16384
Thu Nov 27 23:06:22 2003 :: Reset: 9511 3 16384
Thu Nov 27 23:06:22 2003 :: Reset: 9512 0 16384
Thu Nov 27 23:06:22 2003 :: Reset: 9512 2 16384
Thu Nov 27 23:06:22 2003 :: Reset: 9512 5 16384
Thu Nov 27 23:06:22 2003 :: Reset: 9513 0 16384
Thu Nov 27 23:06:22 2003 :: Reset: 9513 2 16387
Thu Nov 27 23:06:22 2003 :: Reset: 9514 0 16384
Thu Nov 27 23:06:22 2003 :: Reset: 9514 1 16384
Thu Nov 27 23:06:22 2003 :: Reset: 9514 2 16384
Thu Nov 27 23:06:22 2003 :: Reset: 9514 3 16384
Thu Nov 27 23:06:22 2003 :: Reset: 9515 0 16384
Thu Nov 27 23:06:22 2003 :: Reset: 9515 1 16384
Thu Nov 27 23:06:22 2003 :: Reset: 9515 2 16384
Thu Nov 27 23:06:22 2003 :: Reset: 9515 3 16384
Thu Nov 27 23:06:22 2003 :: Reset: 9516 0 16384
Thu Nov 27 23:06:22 2003 :: Reset: 9516 1 16384
Thu Nov 27 23:06:22 2003 :: Reset: 9516 2 16384
Thu Nov 27 23:06:22 2003 :: Reset: 9516 3 16384
Thu Nov 27 23:06:22 2003 :: Reset: 9517 0 16384
Thu Nov 27 23:06:22 2003 :: Reset: 9517 1 16384
Thu Nov 27 23:06:22 2003 :: Reset: 9517 2 16384
Thu Nov 27 23:06:22 2003 :: Reset: 9517 3 16384
Thu Nov 27 23:06:22 2003 :: Reset: 9518 0 16384
Thu Nov 27 23:06:22 2003 :: Reset: 9518 2 16384
Thu Nov 27 23:06:22 2003 :: Reset: 9519 0 16384
Thu Nov 27 23:06:22 2003 :: Reset: 9519 2 16384
Thu Nov 27 23:06:22 2003 :: Reset: 9520 0 16384
Thu Nov 27 23:06:22 2003 :: Reset: 9520 1 16384
Thu Nov 27 23:06:22 2003 :: Reset: 9520 2 16384
Thu Nov 27 23:06:22 2003 :: Reset: 9520 3 16384
Thu Nov 27 23:06:22 2003 :: Reset: 9521 0 16384
Thu Nov 27 23:06:22 2003 :: Reset: 9521 2 16384
Thu Nov 27 23:06:22 2003 :: Reset: 9522 0 16387
Thu Nov 27 23:06:22 2003 :: Reset: 9522 1 16384
Thu Nov 27 23:06:22 2003 :: Reset: 9522 2 16384
Thu Nov 27 23:06:22 2003 :: Reset: 9522 3 16384
Thu Nov 27 23:06:22 2003 :: Reset: 9523 1 16384
Thu Nov 27 23:06:22 2003 :: Reset: 9523 2 16384
Thu Nov 27 23:06:22 2003 :: Reset: 9523 3 16385
Thu Nov 27 23:06:22 2003 :: Reset: 9524 0 16384
Thu Nov 27 23:06:22 2003 :: Reset: 9524 1 16384
Thu Nov 27 23:06:22 2003 :: Reset: 9524 2 16384
Thu Nov 27 23:06:22 2003 :: Reset: 9524 3 16384
Thu Nov 27 23:06:22 2003 :: Reset: 9525 0 16384
Thu Nov 27 23:06:22 2003 :: Reset: 9525 1 16384
Thu Nov 27 23:06:22 2003 :: Reset: 9525 2 16384
Thu Nov 27 23:06:22 2003 :: Reset: 9525 3 16384
Thu Nov 27 23:06:22 2003 :: Reset: 9526 1 16384
Thu Nov 27 23:06:22 2003 :: Reset: 9526 3 16384
Thu Nov 27 23:06:22 2003 :: Reset: 9527 1 16384
Thu Nov 27 23:06:22 2003 :: Reset: 9527 3 16384
Thu Nov 27 23:06:22 2003 :: Reset: 9528 0 16384
Thu Nov 27 23:06:22 2003 :: Reset: 9528 1 16384
Thu Nov 27 23:06:22 2003 :: Reset: 9528 2 16384
Thu Nov 27 23:06:22 2003 :: Reset: 9528 3 16384
Thu Nov 27 23:06:22 2003 :: Reset: 9529 0 16384
Thu Nov 27 23:06:22 2003 :: Reset: 9529 1 16384
Thu Nov 27 23:06:22 2003 :: Reset: 9529 2 16384
Thu Nov 27 23:06:22 2003 :: Reset: 9529 3 16384
Thu Nov 27 23:06:22 2003 :: Reset: 9530 0 16384
Thu Nov 27 23:06:22 2003 :: Reset: 9530 1 16384
Thu Nov 27 23:06:22 2003 :: Reset: 9530 3 16384
Thu Nov 27 23:06:22 2003 :: Reset: 9531 0 16384
Thu Nov 27 23:06:22 2003 :: Reset: 9531 1 16385
Thu Nov 27 23:06:22 2003 :: Reset: 9531 3 16384
Thu Nov 27 23:06:22 2003 :: Reset: 9532 2 16384
Thu Nov 27 23:06:22 2003 :: Reset: 9533 0 16384
Thu Nov 27 23:06:22 2003 :: Reset: 9533 1 16384
Thu Nov 27 23:06:22 2003 :: Reset: 9534 0 16384
Thu Nov 27 23:06:22 2003 :: Reset: 9534 1 16384
Thu Nov 27 23:06:22 2003 :: Reset: 9534 3 16384
Thu Nov 27 23:06:22 2003 :: Reset: 9535 0 16384
Thu Nov 27 23:06:22 2003 :: Reset: 9535 1 16384
Thu Nov 27 23:06:22 2003 :: Reset: 9535 2 16384
Thu Nov 27 23:06:22 2003 :: Reset: 9535 3 16384
Thu Nov 27 23:06:22 2003 :: Reset: 9536 1 16384
Thu Nov 27 23:06:22 2003 :: Reset: 9536 3 16384
Thu Nov 27 23:06:22 2003 :: Reset: 9537 0 16384
Thu Nov 27 23:06:22 2003 :: Reset: 9537 1 16384
Thu Nov 27 23:06:22 2003 :: Reset: 9537 3 16384
Thu Nov 27 23:06:22 2003 :: Reset: 9538 1 16384
Thu Nov 27 23:06:22 2003 :: Reset: 9538 3 16384
Thu Nov 27 23:06:22 2003 :: Reset: 9539 0 16384
Thu Nov 27 23:06:22 2003 :: Reset: 9539 1 16384
Thu Nov 27 23:06:22 2003 :: Reset: 9539 3 16384
Thu Nov 27 23:06:22 2003 :: Reset: 9540 0 16384
Thu Nov 27 23:06:22 2003 :: Reset: 9540 1 16384
Thu Nov 27 23:06:22 2003 :: Reset: 9540 3 16384
Thu Nov 27 23:06:22 2003 :: Reset: 9541 0 16384
Thu Nov 27 23:06:22 2003 :: Reset: 9541 1 16384
Thu Nov 27 23:06:22 2003 :: Reset: 9541 3 16384
Thu Nov 27 23:06:22 2003 :: Reset: 9542 0 16384
Thu Nov 27 23:06:22 2003 :: Reset: 9542 3 16384
Thu Nov 27 23:06:22 2003 :: Reset: 9543 0 16384
Thu Nov 27 23:06:22 2003 :: Reset: 9543 2 16384
Thu Nov 27 23:06:22 2003 :: Reset: 9544 1 16384
Thu Nov 27 23:06:22 2003 :: Reset: 9544 2 16423
Thu Nov 27 23:06:22 2003 :: Reset: 9544 4 16384
Thu Nov 27 23:06:22 2003 :: Reset: 9545 1 16384
Thu Nov 27 23:06:22 2003 :: Reset: 9545 2 16384
Thu Nov 27 23:06:22 2003 :: Reset: 9545 3 16384
Thu Nov 27 23:06:22 2003 :: Reset: 9546 1 16384
Thu Nov 27 23:06:22 2003 :: Reset: 9546 2 16384
Thu Nov 27 23:06:22 2003 :: Reset: 9546 3 16384
Thu Nov 27 23:06:22 2003 :: Reset: 9547 1 16384
Thu Nov 27 23:06:22 2003 :: Reset: 9547 3 16384
Thu Nov 27 23:06:22 2003 :: Reset: 9548 1 16384
Thu Nov 27 23:06:22 2003 :: Reset: 9548 3 16384
Thu Nov 27 23:06:22 2003 :: Reset: 9549 1 16384
Thu Nov 27 23:06:22 2003 :: Reset: 9549 3 16384
Thu Nov 27 23:06:22 2003 :: Reset: 9550 1 16384
Thu Nov 27 23:06:22 2003 :: Reset: 9550 3 16384
Thu Nov 27 23:06:22 2003 :: Reset: 9551 1 16384
Thu Nov 27 23:06:22 2003 :: Reset: 9551 2 16384
Thu Nov 27 23:06:22 2003 :: Reset: 9551 3 16384
Thu Nov 27 23:06:22 2003 :: Reset: 9552 1 16384
Thu Nov 27 23:06:22 2003 :: Reset: 9552 3 16384
Thu Nov 27 23:06:22 2003 :: Reset: 9553 1 16384
Thu Nov 27 23:06:22 2003 :: Reset: 9553 3 16384
Thu Nov 27 23:06:22 2003 :: Reset: 9554 2 16384
Thu Nov 27 23:06:22 2003 :: Reset: 9554 3 16384
Thu Nov 27 23:06:22 2003 :: Reset: 9554 4 16384
Thu Nov 27 23:06:22 2003 :: Reset: 9555 0 16384
Thu Nov 27 23:06:22 2003 :: Reset: 9555 2 16384
Thu Nov 27 23:06:22 2003 :: Reset: 9555 3 16384
Thu Nov 27 23:06:22 2003 :: Reset: 9556 0 16384
Thu Nov 27 23:06:22 2003 :: Reset: 9556 3 16384
Thu Nov 27 23:06:22 2003 :: Reset: 9557 0 16384
Thu Nov 27 23:06:22 2003 :: Reset: 9557 2 16384
Thu Nov 27 23:06:22 2003 :: Reset: 9558 0 16384
Thu Nov 27 23:06:22 2003 :: Reset: 9558 2 16384
Thu Nov 27 23:06:22 2003 :: Reset: 9559 0 16384
Thu Nov 27 23:06:22 2003 :: Reset: 9559 5 16387
Thu Nov 27 23:06:22 2003 :: Reset: 9560 0 16384
Thu Nov 27 23:06:22 2003 :: Reset: 9560 1 16384
Thu Nov 27 23:06:22 2003 :: Reset: 9560 2 16384
Thu Nov 27 23:06:22 2003 :: Reset: 9560 3 16384
Thu Nov 27 23:06:22 2003 :: Reset: 9561 0 16384
Thu Nov 27 23:06:22 2003 :: Reset: 9561 1 16384
Thu Nov 27 23:06:22 2003 :: Reset: 9561 2 16384
Thu Nov 27 23:06:22 2003 :: Reset: 9561 3 16384
Thu Nov 27 23:06:22 2003 :: Reset: 9562 0 16384
Thu Nov 27 23:06:22 2003 :: Reset: 9562 1 16384
Thu Nov 27 23:06:22 2003 :: Reset: 9562 2 16384
Thu Nov 27 23:06:22 2003 :: Reset: 9562 3 16384
Thu Nov 27 23:06:22 2003 :: Reset: 9563 0 16384
Thu Nov 27 23:06:22 2003 :: Reset: 9563 1 16384
Thu Nov 27 23:06:22 2003 :: Reset: 9563 2 16384
Thu Nov 27 23:06:22 2003 :: Reset: 9564 0 16384
Thu Nov 27 23:06:22 2003 :: Reset: 9564 2 16384
Thu Nov 27 23:06:22 2003 :: Reset: 9565 0 16384
Thu Nov 27 23:06:22 2003 :: Reset: 9565 2 16384
Thu Nov 27 23:06:22 2003 :: Reset: 9566 0 16384
Thu Nov 27 23:06:22 2003 :: Reset: 9566 1 16384
Thu Nov 27 23:06:22 2003 :: Reset: 9566 3 16384
Thu Nov 27 23:06:22 2003 :: Reset: 9567 1 16384
Thu Nov 27 23:06:22 2003 :: Reset: 9567 2 16384
Thu Nov 27 23:06:22 2003 :: Reset: 9567 3 16384
Thu Nov 27 23:06:22 2003 :: Reset: 9568 0 16384
Thu Nov 27 23:06:22 2003 :: Reset: 9568 2 16384
Thu Nov 27 23:06:22 2003 :: Reset: 9569 1 16384
Thu Nov 27 23:06:22 2003 :: Reset: 9569 2 16384
Thu Nov 27 23:06:22 2003 :: Reset: 9570 3 16384
Thu Nov 27 23:06:22 2003 :: Reset: 9570 5 16387
Thu Nov 27 23:06:22 2003 :: Reset: 9571 0 16384
Thu Nov 27 23:06:22 2003 :: Reset: 9571 2 16384
Thu Nov 27 23:06:22 2003 :: Reset: 9572 0 16384
Thu Nov 27 23:06:22 2003 :: Reset: 9572 2 16384
Thu Nov 27 23:06:22 2003 :: Reset: 9573 0 16384
Thu Nov 27 23:06:22 2003 :: Reset: 9573 1 16384
Thu Nov 27 23:06:22 2003 :: Reset: 9574 3 16384
Thu Nov 27 23:06:22 2003 :: Reset: 9574 5 16387
Thu Nov 27 23:06:22 2003 :: Reset: 9575 2 16384
Thu Nov 27 23:06:22 2003 :: Reset: 9575 4 16387
Thu Nov 27 23:06:22 2003 :: Reset: 9576 0 16384
Thu Nov 27 23:06:22 2003 :: Reset: 9576 2 16384
Thu Nov 27 23:06:22 2003 :: Reset: 9577 0 16384
Thu Nov 27 23:06:22 2003 :: Reset: 9577 1 16384
Thu Nov 27 23:06:22 2003 :: Reset: 9577 3 16384
Thu Nov 27 23:06:22 2003 :: Reset: 9578 2 16384
Thu Nov 27 23:06:22 2003 :: Reset: 9578 3 16384
Thu Nov 27 23:06:22 2003 :: Reset: 9578 4 16387
Thu Nov 27 23:06:22 2003 :: Reset: 9579 1 16384
Thu Nov 27 23:06:22 2003 :: Reset: 9580 0 16384
Thu Nov 27 23:06:22 2003 :: Reset: 9580 2 16384
Thu Nov 27 23:06:22 2003 :: Reset: 9581 0 16384
Thu Nov 27 23:06:22 2003 :: Reset: 9581 1 16384
Thu Nov 27 23:06:22 2003 :: Reset: 9581 4 16387
Thu Nov 27 23:06:22 2003 :: Reset: 9582 1 16384
Thu Nov 27 23:06:22 2003 :: Reset: 9582 3 16384
Thu Nov 27 23:06:22 2003 :: Reset: 9583 1 16384
Thu Nov 27 23:06:22 2003 :: Reset: 9583 3 16384
Thu Nov 27 23:06:22 2003 :: Reset: 9584 1 16384
Thu Nov 27 23:06:22 2003 :: Reset: 9584 3 16384
Thu Nov 27 23:06:22 2003 :: Reset: 9585 1 16384
Thu Nov 27 23:06:22 2003 :: Reset: 9585 3 16384
Thu Nov 27 23:06:22 2003 :: Reset: 9585 4 16384
Thu Nov 27 23:06:22 2003 :: Reset: 9586 0 16384
Thu Nov 27 23:06:22 2003 :: Reset: 9586 1 16384
Thu Nov 27 23:06:22 2003 :: Reset: 9586 3 16384
Thu Nov 27 23:06:22 2003 :: Reset: 9587 1 16384
Thu Nov 27 23:06:22 2003 :: Reset: 9587 3 16384
Thu Nov 27 23:06:22 2003 :: Reset: 9588 1 16384
Thu Nov 27 23:06:22 2003 :: Reset: 9588 5 16387
Thu Nov 27 23:06:22 2003 :: Reset: 9589 1 16384
Thu Nov 27 23:06:22 2003 :: Reset: 9589 3 16384
Thu Nov 27 23:06:22 2003 :: Reset: 9590 1 16384
Thu Nov 27 23:06:22 2003 :: Reset: 9590 3 16384
Thu Nov 27 23:06:22 2003 :: Reset: 9591 3 16384
Thu Nov 27 23:06:22 2003 :: Reset: 9591 4 16387
Thu Nov 27 23:06:22 2003 :: Reset: 9592 1 16384
Thu Nov 27 23:06:22 2003 :: Reset: 9592 3 16384
Thu Nov 27 23:06:22 2003 :: Reset: 9593 1 16384
Thu Nov 27 23:06:22 2003 :: Reset: 9593 3 16384
Thu Nov 27 23:06:22 2003 :: Reset: 9594 0 16387
Thu Nov 27 23:06:22 2003 :: Reset: 9594 1 16387
Thu Nov 27 23:06:22 2003 :: Reset: 9594 3 16387
Thu Nov 27 23:06:22 2003 :: Reset: 9594 4 16387
Thu Nov 27 23:06:22 2003 :: Reset: 9594 5 16387
Thu Nov 27 23:06:22 2003 :: Reset: 9595 5 16387
Thu Nov 27 23:06:22 2003 :: Reset: 9596 3 16387
Thu Nov 27 23:06:22 2003 :: Reset: 9597 0 16384
Thu Nov 27 23:06:22 2003 :: Reset: 9597 1 16387
Thu Nov 27 23:06:22 2003 :: Reset: 9598 4 16387
Thu Nov 27 23:06:22 2003 :: Reset: 9599 2 16387
Thu Nov 27 23:06:22 2003 :: Reset: 9600 1 16384
Thu Nov 27 23:06:22 2003 :: Reset: 9600 3 16384
Thu Nov 27 23:06:22 2003 :: Reset: 9601 1 16384
Thu Nov 27 23:06:22 2003 :: Reset: 9601 3 16384
Thu Nov 27 23:06:22 2003 :: Reset: 9602 1 16384
Thu Nov 27 23:06:22 2003 :: Reset: 9602 3 16384
Thu Nov 27 23:06:22 2003 :: Reset: 9603 1 16387
Thu Nov 27 23:06:22 2003 :: Reset: 9603 4 16384
Thu Nov 27 23:06:22 2003 :: Reset: 9604 2 16384
Thu Nov 27 23:06:22 2003 :: Reset: 9605 2 16384
Thu Nov 27 23:06:22 2003 :: Reset: 9606 1 16384
Thu Nov 27 23:06:22 2003 :: Reset: 9607 3 16384
Thu Nov 27 23:06:22 2003 :: Reset: 9608 0 16384
Thu Nov 27 23:06:22 2003 :: Reset: 9608 1 16384
Thu Nov 27 23:06:22 2003 :: Reset: 9608 2 16384
Thu Nov 27 23:06:22 2003 :: Reset: 9609 0 16384
Thu Nov 27 23:06:22 2003 :: Reset: 9609 1 16384
Thu Nov 27 23:06:22 2003 :: Reset: 9609 2 16384
Thu Nov 27 23:06:22 2003 :: Reset: 9609 3 16384
Thu Nov 27 23:06:22 2003 :: Reset: 9610 3 16384
Thu Nov 27 23:06:22 2003 :: Reset: 9611 1 16384
Thu Nov 27 23:06:22 2003 :: Reset: 9611 2 16384
Thu Nov 27 23:06:22 2003 :: Reset: 9611 3 16384
Thu Nov 27 23:06:22 2003 :: Reset: 9612 0 16384
Thu Nov 27 23:06:22 2003 :: Reset: 9612 2 16384
Thu Nov 27 23:06:22 2003 :: Reset: 9613 0 16384
Thu Nov 27 23:06:22 2003 :: Reset: 9613 2 16384
Thu Nov 27 23:06:22 2003 :: Reset: 9613 5 16384
Thu Nov 27 23:06:22 2003 :: Reset: 9614 2 16384
Thu Nov 27 23:06:22 2003 :: Reset: 9615 2 16384
Thu Nov 27 23:06:22 2003 :: Reset: 9616 0 16384
Thu Nov 27 23:06:22 2003 :: Reset: 9616 1 16384
Thu Nov 27 23:06:22 2003 :: Reset: 9616 3 16384
Thu Nov 27 23:06:22 2003 :: Reset: 9617 1 16384
Thu Nov 27 23:06:22 2003 :: Reset: 9617 2 16387
Thu Nov 27 23:06:22 2003 :: Reset: 9617 4 16384
Thu Nov 27 23:06:22 2003 :: Reset: 9618 2 16384
Thu Nov 27 23:06:22 2003 :: Reset: 9618 3 16384
Thu Nov 27 23:06:22 2003 :: Reset: 9619 0 16384
Thu Nov 27 23:06:22 2003 :: Reset: 9619 5 16384
Thu Nov 27 23:06:22 2003 :: Reset: 9620 0 16384
Thu Nov 27 23:06:22 2003 :: Reset: 9620 2 16384
Thu Nov 27 23:06:22 2003 :: Reset: 9620 4 16384
Thu Nov 27 23:06:22 2003 :: Reset: 9621 1 16384
Thu Nov 27 23:06:22 2003 :: Reset: 9622 3 16384
Thu Nov 27 23:06:22 2003 :: Reset: 9623 2 16384
Thu Nov 27 23:06:22 2003 :: Reset: 9624 2 16384
Thu Nov 27 23:06:22 2003 :: Reset: 9625 0 16384
Thu Nov 27 23:06:22 2003 :: Reset: 9625 2 16384
Thu Nov 27 23:06:22 2003 :: Reset: 9626 0 16384
Thu Nov 27 23:06:22 2003 :: Reset: 9626 2 16384
Thu Nov 27 23:06:22 2003 :: Reset: 9627 0 16384
Thu Nov 27 23:06:22 2003 :: Reset: 9628 1 16384
Thu Nov 27 23:06:22 2003 :: Reset: 9629 3 16384
Thu Nov 27 23:06:22 2003 :: Reset: 9632 2 16384
Thu Nov 27 23:06:22 2003 :: Reset: 9632 3 16387
Thu Nov 27 23:06:22 2003 :: Reset: 9633 0 16384
Thu Nov 27 23:06:22 2003 :: Reset: 9633 1 16384
Thu Nov 27 23:06:22 2003 :: Reset: 9634 1 16387
Thu Nov 27 23:06:22 2003 :: Reset: 9634 3 16384
Thu Nov 27 23:06:22 2003 :: Reset: 9635 0 16384
Thu Nov 27 23:06:22 2003 :: Reset: 9636 0 16384
Thu Nov 27 23:06:22 2003 :: Reset: 9636 5 16455
Thu Nov 27 23:06:22 2003 :: Reset: 9637 1 16384
Thu Nov 27 23:06:22 2003 :: Reset: 9638 3 16384
Thu Nov 27 23:06:22 2003 :: Reset: 9639 0 16384
Thu Nov 27 23:06:22 2003 :: Reset: 9639 5 16384
Thu Nov 27 23:06:22 2003 :: Reset: 9640 1 16384
Thu Nov 27 23:06:22 2003 :: Reset: 9640 2 16384
Thu Nov 27 23:06:22 2003 :: Reset: 9641 2 16384
Thu Nov 27 23:06:22 2003 :: Reset: 9641 3 16384
Thu Nov 27 23:06:22 2003 :: Reset: 9642 1 16384
Thu Nov 27 23:06:22 2003 :: Reset: 9642 2 16384
Thu Nov 27 23:06:22 2003 :: Reset: 9643 3 16384
Thu Nov 27 23:06:22 2003 :: Reset: 9644 2 16384
Thu Nov 27 23:06:22 2003 :: Reset: 9645 1 16384
Thu Nov 27 23:06:22 2003 :: Reset: 9645 2 16384
Thu Nov 27 23:06:22 2003 :: Reset: 9646 2 16387
Thu Nov 27 23:06:22 2003 :: Reset: 9646 4 16384
Thu Nov 27 23:06:22 2003 :: Reset: 9647 2 16384
Thu Nov 27 23:06:22 2003 :: Reset: 9648 5 16384
Thu Nov 27 23:06:22 2003 :: Reset: 9649 3 16384
Thu Nov 27 23:06:22 2003 :: Reset: 9650 0 16384
Thu Nov 27 23:06:22 2003 :: Reset: 9650 1 16423
Thu Nov 27 23:06:22 2003 :: Reset: 9650 2 16384
Thu Nov 27 23:06:22 2003 :: Reset: 9650 3 16384
Thu Nov 27 23:06:22 2003 :: Reset: 9651 1 16384
Thu Nov 27 23:06:22 2003 :: Reset: 9652 1 16384
Thu Nov 27 23:06:22 2003 :: Reset: 9653 0 16423
Thu Nov 27 23:06:22 2003 :: Reset: 9654 0 16384
Thu Nov 27 23:06:22 2003 :: Reset: 9655 1 16384
Thu Nov 27 23:06:22 2003 :: Reset: 9656 3 16384
Thu Nov 27 23:06:22 2003 :: Reset: 9657 0 16384
Thu Nov 27 23:06:22 2003 :: Reset: 9658 1 16384
Thu Nov 27 23:06:22 2003 :: Reset: 9658 3 16423
Thu Nov 27 23:06:22 2003 :: Reset: 9659 5 16384
Thu Nov 27 23:06:22 2003 :: Reset: 9660 2 16384
Thu Nov 27 23:06:22 2003 :: Reset: 9661 0 16387
Thu Nov 27 23:06:22 2003 :: Reset: 9661 3 16384
Thu Nov 27 23:06:22 2003 :: Reset: 9662 5 16384
Thu Nov 27 23:06:22 2003 :: Reset: 9663 2 16387
Thu Nov 27 23:06:22 2003 :: Reset: 9663 3 16384
Thu Nov 27 23:06:22 2003 :: Reset: 9664 1 16384
Thu Nov 27 23:06:22 2003 :: Reset: 9665 0 16387
Thu Nov 27 23:06:22 2003 :: Reset: 9665 3 16384
Thu Nov 27 23:06:22 2003 :: Reset: 9666 2 16387
Thu Nov 27 23:06:22 2003 :: Reset: 9667 0 16384
Thu Nov 27 23:06:22 2003 :: Reset: 9667 2 16387
Thu Nov 27 23:06:22 2003 :: Reset: 9668 1 16384
Thu Nov 27 23:06:22 2003 :: Reset: 9668 2 16384
Thu Nov 27 23:06:22 2003 :: Reset: 9668 3 16385
Thu Nov 27 23:06:22 2003 :: Reset: 9669 1 16385
Thu Nov 27 23:06:22 2003 :: Reset: 9669 3 16384
Thu Nov 27 23:06:22 2003 :: Reset: 9670 0 16384
Thu Nov 27 23:06:22 2003 :: Reset: 9671 0 16386
Thu Nov 27 23:06:22 2003 :: Reset: 9671 1 16384
Thu Nov 27 23:06:22 2003 :: Reset: 9672 0 16384
Thu Nov 27 23:06:22 2003 :: Reset: 9672 1 16384
Thu Nov 27 23:06:22 2003 :: Reset: 9672 2 16387
Thu Nov 27 23:06:22 2003 :: Reset: 9672 3 16384
Thu Nov 27 23:06:22 2003 :: Reset: 9673 0 16384
Thu Nov 27 23:06:22 2003 :: Reset: 9673 1 16384
Thu Nov 27 23:06:22 2003 :: Reset: 9673 2 16384
Thu Nov 27 23:06:22 2003 :: Reset: 9673 3 16384
Thu Nov 27 23:06:22 2003 :: Reset: 9674 0 16387
Thu Nov 27 23:06:22 2003 :: Reset: 9674 1 16384
Thu Nov 27 23:06:22 2003 :: Reset: 9674 2 16384
Thu Nov 27 23:06:22 2003 :: Reset: 9674 3 16384
Thu Nov 27 23:06:22 2003 :: Reset: 9675 2 16387
Thu Nov 27 23:06:22 2003 :: Reset: 9675 5 16387
Thu Nov 27 23:06:22 2003 :: Reset: 9676 0 16386
Thu Nov 27 23:06:22 2003 :: Reset: 9677 1 16384
Thu Nov 27 23:06:22 2003 :: Reset: 9677 2 16387
Thu Nov 27 23:06:22 2003 :: Reset: 9677 3 16384
Thu Nov 27 23:06:22 2003 :: Reset: 9678 1 16384
Thu Nov 27 23:06:22 2003 :: Reset: 9678 3 16384
Thu Nov 27 23:06:22 2003 :: Reset: 9679 0 16387
Thu Nov 27 23:06:22 2003 :: Reset: 9679 1 16384
Thu Nov 27 23:06:22 2003 :: Reset: 9679 3 16384
Thu Nov 27 23:06:22 2003 :: Reset: 9680 2 16387
Thu Nov 27 23:06:22 2003 :: Reset: 9681 0 16386
Thu Nov 27 23:06:22 2003 :: Reset: 9682 1 16384
Thu Nov 27 23:06:22 2003 :: Reset: 9682 2 16387
Thu Nov 27 23:06:22 2003 :: Reset: 9682 3 16423
Thu Nov 27 23:06:22 2003 :: Reset: 9683 1 16384
Thu Nov 27 23:06:22 2003 :: Reset: 9684 0 16387
Thu Nov 27 23:06:22 2003 :: Reset: 9684 1 16384
Thu Nov 27 23:06:22 2003 :: Reset: 9684 3 16387
Thu Nov 27 23:06:22 2003 :: Reset: 9685 2 16387
Thu Nov 27 23:06:22 2003 :: Reset: 9686 0 16384
Thu Nov 27 23:06:22 2003 :: Reset: 9687 0 16387
Thu Nov 27 23:06:22 2003 :: Reset: 9687 1 16423
Thu Nov 27 23:06:22 2003 :: Reset: 9687 2 16384
Thu Nov 27 23:06:22 2003 :: Reset: 9688 0 16386
Thu Nov 27 23:06:22 2003 :: Reset: 9688 2 16386
Thu Nov 27 23:06:22 2003 :: Reset: 9689 0 16423
Thu Nov 27 23:06:22 2003 :: Reset: 9689 1 16387
Thu Nov 27 23:06:22 2003 :: Reset: 9689 2 16387
Thu Nov 27 23:06:22 2003 :: Reset: 9690 1 16384
Thu Nov 27 23:06:22 2003 :: Reset: 9690 2 16423
Thu Nov 27 23:06:22 2003 :: Reset: 9691 1 16387
Thu Nov 27 23:06:22 2003 :: Reset: 9691 4 16387
Thu Nov 27 23:06:22 2003 :: Reset: 9692 0 16423
Thu Nov 27 23:06:22 2003 :: Reset: 9692 1 16384
Thu Nov 27 23:06:22 2003 :: Reset: 9692 2 16423
Thu Nov 27 23:06:22 2003 :: Reset: 9692 3 16387
Thu Nov 27 23:06:22 2003 :: Reset: 9693 0 16423
Thu Nov 27 23:06:22 2003 :: Reset: 9693 1 16384
Thu Nov 27 23:06:22 2003 :: Reset: 9693 2 16423
Thu Nov 27 23:06:22 2003 :: Reset: 9693 3 16384
Thu Nov 27 23:06:22 2003 :: Reset: 9694 0 16423
Thu Nov 27 23:06:22 2003 :: Reset: 9694 1 16384
Thu Nov 27 23:06:22 2003 :: Reset: 9694 2 16423
Thu Nov 27 23:06:22 2003 :: Reset: 9694 3 16384
Thu Nov 27 23:06:22 2003 :: Reset: 9695 0 16423
Thu Nov 27 23:06:22 2003 :: Reset: 9695 1 16423
Thu Nov 27 23:06:22 2003 :: Reset: 9695 2 16423
Thu Nov 27 23:06:22 2003 :: Reset: 9695 3 16384
Thu Nov 27 23:06:22 2003 :: Reset: 9696 3 16423
Thu Nov 27 23:06:22 2003 :: Reset: 9697 2 16423
Thu Nov 27 23:06:22 2003 :: Reset: 9698 2 16423
Thu Nov 27 23:06:22 2003 :: Reset: 9699 2 16423
Thu Nov 27 23:06:22 2003 :: Reset: 9700 2 16423
Thu Nov 27 23:06:22 2003 :: Reset: 9701 0 16423
Thu Nov 27 23:06:22 2003 :: Reset: 9702 0 16423
Thu Nov 27 23:06:22 2003 :: Reset: 9703 0 16423
Thu Nov 27 23:06:22 2003 :: Reset: 9704 0 16423
Thu Nov 27 23:06:22 2003 :: Reset: 9705 1 16384
Thu Nov 27 23:06:22 2003 :: Reset: 9705 3 16384
Thu Nov 27 23:06:22 2003 :: Reset: 9707 0 16384
Thu Nov 27 23:06:22 2003 :: Reset: 9707 3 16384
Thu Nov 27 23:06:22 2003 :: Reset: 9708 2 16384
Thu Nov 27 23:06:22 2003 :: Reset: 9708 3 16384
Thu Nov 27 23:06:22 2003 :: Reset: 9710 2 16384
Thu Nov 27 23:06:22 2003 :: Reset: 9719 2 16384
Thu Nov 27 23:06:22 2003 :: Reset: 9720 1 16384
Thu Nov 27 23:06:22 2003 :: Reset: 9720 3 16384
Thu Nov 27 23:06:22 2003 :: Reset: 9721 1 16384
Thu Nov 27 23:06:22 2003 :: Reset: 9721 3 16384
Thu Nov 27 23:06:22 2003 :: Reset: 9722 1 16384
Thu Nov 27 23:06:22 2003 :: Reset: 9722 3 16384
Thu Nov 27 23:06:22 2003 :: Reset: 9723 1 16384
Thu Nov 27 23:06:22 2003 :: Reset: 9723 3 16384
Thu Nov 27 23:06:22 2003 :: Reset: 9724 1 16384
Thu Nov 27 23:06:22 2003 :: Reset: 9724 3 16384
Thu Nov 27 23:06:22 2003 :: Reset: 9725 1 16384
Thu Nov 27 23:06:22 2003 :: Reset: 9725 3 16384
Thu Nov 27 23:06:22 2003 :: Reset: 9726 1 16384
Thu Nov 27 23:06:22 2003 :: Reset: 9726 3 16384
Thu Nov 27 23:06:22 2003 :: Reset: 9734 0 16384
Thu Nov 27 23:06:22 2003 :: Reset: 9734 2 16384
Thu Nov 27 23:06:22 2003 :: Reset: 9735 0 16384
Thu Nov 27 23:06:22 2003 :: Reset: 9735 2 16384
Thu Nov 27 23:06:22 2003 :: Reset: 9736 0 16384
Thu Nov 27 23:06:22 2003 :: Reset: 9736 2 16384
Thu Nov 27 23:06:22 2003 :: Reset: 9737 0 16384
Thu Nov 27 23:06:22 2003 :: Reset: 9737 2 16384
Thu Nov 27 23:06:22 2003 :: Reset: 9738 0 16384
Thu Nov 27 23:06:22 2003 :: Reset: 9738 2 16384
Thu Nov 27 23:06:22 2003 :: Reset: 9739 0 16384
Thu Nov 27 23:06:22 2003 :: Reset: 9739 1 16384
Thu Nov 27 23:06:22 2003 :: Reset: 9739 2 16384
Thu Nov 27 23:06:22 2003 :: Reset: 9740 0 16384
Thu Nov 27 23:06:22 2003 :: Reset: 9740 2 16384
Thu Nov 27 23:06:22 2003 :: Reset: 9741 0 16384
Thu Nov 27 23:06:22 2003 :: Reset: 9741 2 16384
Thu Nov 27 23:06:22 2003 :: Reset: 9742 0 16384
Thu Nov 27 23:06:22 2003 :: Reset: 9742 2 16384
Thu Nov 27 23:06:22 2003 :: Reset: 9743 0 16384
Thu Nov 27 23:06:22 2003 :: Reset: 9744 1 16384
Thu Nov 27 23:06:22 2003 :: Reset: 9744 3 16384
Thu Nov 27 23:06:22 2003 :: Reset: 9745 1 16384
Thu Nov 27 23:06:22 2003 :: Reset: 9745 3 16384
Thu Nov 27 23:06:22 2003 :: Reset: 9746 1 16384
Thu Nov 27 23:06:22 2003 :: Reset: 9746 3 16384
Thu Nov 27 23:06:22 2003 :: Reset: 9747 1 16384
Thu Nov 27 23:06:22 2003 :: Reset: 9747 3 16384
Thu Nov 27 23:06:22 2003 :: Reset: 9748 1 16384
Thu Nov 27 23:06:22 2003 :: Reset: 9748 3 16384
Thu Nov 27 23:06:22 2003 :: Reset: 9749 1 16384
Thu Nov 27 23:06:22 2003 :: Reset: 9749 3 16384
Thu Nov 27 23:06:22 2003 :: Reset: 9750 4 16455
Thu Nov 27 23:06:22 2003 :: Reset: 9772 1 16384
Thu Nov 27 23:06:22 2003 :: Reset: 9772 3 16384
Thu Nov 27 23:06:22 2003 :: Reset: 9773 1 16384
Thu Nov 27 23:06:22 2003 :: Reset: 9773 2 16384
Thu Nov 27 23:06:22 2003 :: Reset: 9773 3 16384
Thu Nov 27 23:06:22 2003 :: Reset: 9774 0 16384
Thu Nov 27 23:06:22 2003 :: Reset: 9774 1 16384
Thu Nov 27 23:06:22 2003 :: Reset: 9774 3 16384
Thu Nov 27 23:06:22 2003 :: Reset: 9775 1 16384
Thu Nov 27 23:06:22 2003 :: Reset: 9781 0 16384
Thu Nov 27 23:06:22 2003 :: Reset: 9781 1 16384
Thu Nov 27 23:06:22 2003 :: Reset: 9781 2 16384
Thu Nov 27 23:06:22 2003 :: Reset: 9781 3 16384
Thu Nov 27 23:06:22 2003 :: Reset: 9782 0 16384
Thu Nov 27 23:06:22 2003 :: Reset: 9782 1 16384
Thu Nov 27 23:06:22 2003 :: Reset: 9782 2 16384
Thu Nov 27 23:06:22 2003 :: Reset: 9782 3 16384
Thu Nov 27 23:06:22 2003 :: Reset: 9783 0 16384
Thu Nov 27 23:06:22 2003 :: Reset: 9783 1 16384
Thu Nov 27 23:06:22 2003 :: Reset: 9783 2 16384
Thu Nov 27 23:06:22 2003 :: Reset: 9783 3 16384
Thu Nov 27 23:06:22 2003 :: Reset: 9784 1 16384
Thu Nov 27 23:06:22 2003 :: Reset: 9784 3 16384
Thu Nov 27 23:06:22 2003 :: Reset: 9785 1 16384
Thu Nov 27 23:06:22 2003 :: Reset: 9785 3 16384
Thu Nov 27 23:06:22 2003 :: Reset: 9786 0 16384
Thu Nov 27 23:06:22 2003 :: Reset: 9786 2 16384
Thu Nov 27 23:06:22 2003 :: Reset: 9786 3 16384
Thu Nov 27 23:06:22 2003 :: Reset: 9787 0 16384
Thu Nov 27 23:06:22 2003 :: Reset: 9787 1 16384
Thu Nov 27 23:06:22 2003 :: Reset: 9787 2 16384
Thu Nov 27 23:06:22 2003 :: Reset: 9788 1 16384
Thu Nov 27 23:06:22 2003 :: Reset: 9788 2 16384
Thu Nov 27 23:06:22 2003 :: Reset: 9789 0 16384
Thu Nov 27 23:06:22 2003 :: Reset: 9789 1 16384
Thu Nov 27 23:06:22 2003 :: Reset: 9789 2 16384
Thu Nov 27 23:06:22 2003 :: Reset: 9789 3 16384
Thu Nov 27 23:06:22 2003 :: Reset: 9789 5 16384
Thu Nov 27 23:06:22 2003 :: Reset: 9790 1 16384
Thu Nov 27 23:06:22 2003 :: Reset: 9790 3 16384
Thu Nov 27 23:06:22 2003 :: Reset: 9791 1 16384
Thu Nov 27 23:06:22 2003 :: Reset: 9791 3 16384
Thu Nov 27 23:06:22 2003 :: Reset: 9792 1 16384
Thu Nov 27 23:06:22 2003 :: Reset: 9792 3 16384
Thu Nov 27 23:06:22 2003 :: Reset: 9793 0 16384
Thu Nov 27 23:06:22 2003 :: Reset: 9793 1 16384
Thu Nov 27 23:06:22 2003 :: Reset: 9793 3 16384
Thu Nov 27 23:06:22 2003 :: Reset: 9794 1 16384
Thu Nov 27 23:06:22 2003 :: Reset: 9794 3 16384
Thu Nov 27 23:06:22 2003 :: Reset: 9795 0 16384
Thu Nov 27 23:06:22 2003 :: Reset: 9795 1 16384
Thu Nov 27 23:06:22 2003 :: Reset: 9795 2 16384
Thu Nov 27 23:06:22 2003 :: Reset: 9795 3 16384
Thu Nov 27 23:06:22 2003 :: Reset: 9796 0 16384
Thu Nov 27 23:06:22 2003 :: Reset: 9796 3 16384
Thu Nov 27 23:06:22 2003 :: Reset: 9797 2 16384
Thu Nov 27 23:06:22 2003 :: Reset: 9797 3 16384
Thu Nov 27 23:06:22 2003 :: Reset: 9798 3 16387
Thu Nov 27 23:06:22 2003 :: Reset: 9798 4 16384
Thu Nov 27 23:06:22 2003 :: Reset: 9799 1 16387
Thu Nov 27 23:06:22 2003 :: Reset: 9630 0 16384
Thu Nov 27 23:06:22 2003 :: Reset: 9630 1 16387
Thu Nov 27 23:07:40 2003 :: Boogums has quit.
Fri Nov 28 00:00:03 2003 :: [*****] BUG: Reset_area: 'E' or 'G': bad vnum 4202.
Fri Nov 28 00:00:03 2003 :: [*****] BUG: Reset_area: 'P': bad vnum 4202.
Fri Nov 28 00:00:03 2003 :: [*****] BUG: Reset_area: 'P': bad vnum 4202.
Fri Nov 28 00:00:03 2003 :: [*****] BUG: Reset_area: 'P': bad vnum 4202.
Fri Nov 28 00:00:03 2003 :: [*****] BUG: Reset_area: 'P': bad vnum 4202.
Fri Nov 28 00:00:03 2003 :: [*****] BUG: Reset_area: 'P': bad vnum 4202.
Fri Nov 28 00:02:14 2003 :: [*****] BUG: Reset_area: 'O': bad vnum 4206.
Fri Nov 28 00:04:22 2003 :: [*****] BUG: Reset_area: 'O': bad vnum 4207.
Fri Nov 28 01:01:59 2003 :: [*****] BUG: Reset_area: 'O': bad vnum 4206.
Fri Nov 28 01:06:15 2003 :: [*****] BUG: Reset_area: 'E' or 'G': bad vnum 4202.
Fri Nov 28 01:06:15 2003 :: [*****] BUG: Reset_area: 'P': bad vnum 4202.
Fri Nov 28 01:06:15 2003 :: [*****] BUG: Reset_area: 'P': bad vnum 4202.
Fri Nov 28 01:06:15 2003 :: [*****] BUG: Reset_area: 'P': bad vnum 4202.
Fri Nov 28 01:06:15 2003 :: [*****] BUG: Reset_area: 'P': bad vnum 4202.
Fri Nov 28 01:06:15 2003 :: [*****] BUG: Reset_area: 'P': bad vnum 4202.
Fri Nov 28 01:10:31 2003 :: [*****] BUG: Reset_area: 'O': bad vnum 4207.
Fri Nov 28 02:08:12 2003 :: [*****] BUG: Reset_area: 'E' or 'G': bad vnum 4202.
Fri Nov 28 02:08:12 2003 :: [*****] BUG: Reset_area: 'P': bad vnum 4202.
Fri Nov 28 02:08:12 2003 :: [*****] BUG: Reset_area: 'P': bad vnum 4202.
Fri Nov 28 02:08:12 2003 :: [*****] BUG: Reset_area: 'P': bad vnum 4202.
Fri Nov 28 02:08:12 2003 :: [*****] BUG: Reset_area: 'P': bad vnum 4202.
Fri Nov 28 02:08:12 2003 :: [*****] BUG: Reset_area: 'P': bad vnum 4202.
Fri Nov 28 02:08:12 2003 :: [*****] BUG: Reset_area: 'O': bad vnum 4206.
Fri Nov 28 02:14:36 2003 :: [*****] BUG: Reset_area: 'O': bad vnum 4207.
Fri Nov 28 02:21:46 2003 :: Sock.sinaddr:  62.142.32.97
Fri Nov 28 02:21:47 2003 :: Loading Slodhian.
Fri Nov 28 02:21:48 2003 :: Slodhian@I.did.Not.do.it has connected.
Fri Nov 28 02:22:35 2003 :: Log Slodhian: edit area
Fri Nov 28 02:23:08 2003 :: [*****] BUG: Reset_area: 'E' or 'G': bad vnum 4202.
Fri Nov 28 02:23:08 2003 :: [*****] BUG: Reset_area: 'P': bad vnum 4202.
Fri Nov 28 02:23:08 2003 :: [*****] BUG: Reset_area: 'P': bad vnum 4202.
Fri Nov 28 02:23:08 2003 :: [*****] BUG: Reset_area: 'P': bad vnum 4202.
Fri Nov 28 02:23:08 2003 :: [*****] BUG: Reset_area: 'P': bad vnum 4202.
Fri Nov 28 02:23:08 2003 :: [*****] BUG: Reset_area: 'P': bad vnum 4202.
