gcc -c -Dmoose -Wall -O2 -ggdb -DGAME_VERSION -DROM act_info.c
act_info.c:18: warning: `rcsid' defined but not used
gcc -c -Dmoose -Wall -O2 -ggdb -DGAME_VERSION -DROM act_move.c
act_move.c:18: warning: `rcsid' defined but not used
gcc -c -Dmoose -Wall -O2 -ggdb -DGAME_VERSION -DROM act_obj.c
act_obj.c: In function `do_fill':
act_obj.c:1564: warning: unused variable `number'
act_obj.c:1561: warning: `obj2' might be used uninitialized in this function
act_obj.c: At top level:
act_obj.c:18: warning: `rcsid' defined but not used
gcc -c -Dmoose -Wall -O2 -ggdb -DGAME_VERSION -DROM act_wiz.c
act_wiz.c:18: warning: `rcsid' defined but not used
gcc -c -Dmoose -Wall -O2 -ggdb -DGAME_VERSION -DROM alias.c
alias.c:18: warning: `rcsid' defined but not used
gcc -c -Dmoose -Wall -O2 -ggdb -DGAME_VERSION -DROM ban.c
ban.c:18: warning: `rcsid' defined but not used
gcc -c -Dmoose -Wall -O2 -ggdb -DGAME_VERSION -DROM comm.c
comm.c:36: warning: `rcsid' defined but not used
gcc -c -Dmoose -Wall -O2 -ggdb -DGAME_VERSION -DROM const.c
const.c:18: warning: `rcsid' defined but not used
gcc -c -Dmoose -Wall -O2 -ggdb -DGAME_VERSION -DROM db.c
db.c: In function `rename_area':
db.c:371: warning: long int format, time_t arg (arg 3)
db.c: At top level:
db.c:18: warning: `rcsid' defined but not used
gcc -c -Dmoose -Wall -O2 -ggdb -DGAME_VERSION -DROM db2.c
db2.c:2: warning: `rcsid' defined but not used
gcc -c -Dmoose -Wall -O2 -ggdb -DGAME_VERSION -DROM dns.c
dns.c:18: warning: `rcsid' defined but not used
gcc -c -Dmoose -Wall -O2 -ggdb -DGAME_VERSION -DROM db3.c
db3.c:18: warning: `rcsid' defined but not used
gcc -c -Dmoose -Wall -O2 -ggdb -DGAME_VERSION -DROM deity.c
deity.c:18: warning: `rcsid' defined but not used
gcc -c -Dmoose -Wall -O2 -ggdb -DGAME_VERSION -DROM editor.c
editor.c:18: warning: `rcsid' defined but not used
gcc -c -Dmoose -Wall -O2 -ggdb -DGAME_VERSION -DROM effects.c
effects.c:18: warning: `rcsid' defined but not used
gcc -c -Dmoose -Wall -O2 -ggdb -DGAME_VERSION -DROM fight.c
fight.c:18: warning: `rcsid' defined but not used
gcc -c -Dmoose -Wall -O2 -ggdb -DGAME_VERSION -DROM flags.c
flags.c:18: warning: `rcsid' defined but not used
gcc -c -Dmoose -Wall -O2 -ggdb -DGAME_VERSION -DROM handler.c
handler.c:18: warning: `rcsid' defined but not used
gcc -c -Dmoose -Wall -O2 -ggdb -DGAME_VERSION -DROM healer.c
healer.c:5: warning: `rcsid' defined but not used
gcc -c -Dmoose -Wall -O2 -ggdb -DGAME_VERSION -DROM ident.c
ident.c:11: warning: `rcsid' defined but not used
gcc -c -Dmoose -Wall -O2 -ggdb -DGAME_VERSION -DROM interp.c
interp.c:18: warning: `rcsid' defined but not used
gcc -c -Dmoose -Wall -O2 -ggdb -DGAME_VERSION -DROM lookup.c
lookup.c:18: warning: `rcsid' defined but not used
gcc -c -Dmoose -Wall -O2 -ggdb -DGAME_VERSION -DROM macro.c
macro.c:21: warning: `rcsid' defined but not used
gcc -c -Dmoose -Wall -O2 -ggdb -DGAME_VERSION -DROM mag2.c
mag2.c: In function `spell_crusade':
mag2.c:2251: warning: unused variable `loss'
mag2.c: At top level:
mag2.c:18: warning: `rcsid' defined but not used
gcc -c -Dmoose -Wall -O2 -ggdb -DGAME_VERSION -DROM magic.c
magic.c:18: warning: `rcsid' defined but not used
gcc -c -Dmoose -Wall -O2 -ggdb -DGAME_VERSION -DROM menu.c
menu.c:18: warning: `rcsid' defined but not used
gcc -c -Dmoose -Wall -O2 -ggdb -DGAME_VERSION -DROM note.c
note.c: In function `save_notes':
note.c:257: warning: long int format, time_t arg (arg 3)
note.c: In function `append_note':
note.c:420: warning: long int format, time_t arg (arg 3)
note.c: At top level:
note.c:18: warning: `rcsid' defined but not used
gcc -c -Dmoose -Wall -O2 -ggdb -DGAME_VERSION -DROM olc.c
olc.c:18: warning: `rcsid' defined but not used
gcc -c -Dmoose -Wall -O2 -ggdb -DGAME_VERSION -DROM recycle.c
recycle.c:18: warning: `rcsid' defined but not used
gcc -c -Dmoose -Wall -O2 -ggdb -DGAME_VERSION -DROM remort.c
remort.c:18: warning: `rcsid' defined but not used
gcc -c -Dmoose -Wall -O2 -ggdb -DGAME_VERSION -DROM save.c
save.c: In function `fwrite_char':
save.c:217: warning: long int format, time_t arg (arg 3)
save.c:290: warning: long int format, time_t arg (arg 3)
save.c:290: warning: long int format, time_t arg (arg 4)
save.c:290: warning: long int format, time_t arg (arg 5)
save.c:290: warning: long int format, time_t arg (arg 6)
save.c:290: warning: long int format, time_t arg (arg 7)
save.c:290: warning: long int format, time_t arg (arg 8)
save.c:290: warning: long int format, time_t arg (arg 9)
save.c:290: warning: long int format, time_t arg (arg 10)
save.c: In function `fwrite_pet':
save.c:479: warning: long int format, time_t arg (arg 3)
save.c: At top level:
save.c:18: warning: `rcsid' defined but not used
gcc -c -Dmoose -Wall -O2 -ggdb -DGAME_VERSION -DROM scan.c
scan.c:18: warning: `rcsid' defined but not used
gcc -c -Dmoose -Wall -O2 -ggdb -DGAME_VERSION -DROM skills.c
skills.c:3: warning: `rcsid' defined but not used
gcc -c -Dmoose -Wall -O2 -ggdb -DGAME_VERSION -DROM special.c
special.c:18: warning: `rcsid' defined but not used
gcc -c -Dmoose -Wall -O2 -ggdb -DGAME_VERSION -DROM tables.c
tables.c:18: warning: `rcsid' defined but not used
gcc -c -Dmoose -Wall -O2 -ggdb -DGAME_VERSION -DROM trade.c
trade.c:1: warning: `rcsid' defined but not used
gcc -c -Dmoose -Wall -O2 -ggdb -DGAME_VERSION -DROM update.c
update.c:18: warning: `rcsid' defined but not used
rm -f moose
gcc -Dmoose -O2 -ggdb -o moose act_comm.o act_enter.o act_info.o act_move.o act_obj.o act_wiz.o alias.o ban.o comm.o const.o db.o db2.o dns.o db3.o deity.o editor.o effects.o fight.o flags.o handler.o healer.o ident.o interp.o lookup.o macro.o mag2.o magic.o menu.o note.o olc.o recycle.o remort.o save.o scan.o skills.o special.o tables.o trade.o update.o  gc.a
