ulimit: Command not found.
gzip: /mud/moosehead/log/1052.log: Permission denied
/mud/moosehead/log/1052.log: Permission denied.
gzip: /mud/moosehead/log/1052.log: Permission denied

Fri May 27 16:11:00 PDT 2011
No core.
/mud/moosehead/log/1052.log: Permission denied.
gzip: /mud/moosehead/log/1052.log: Permission denied

Fri May 27 16:11:10 PDT 2011
No core.
/mud/moosehead/log/1052.log: Permission denied.
gzip: /mud/moosehead/log/1052.log: Permission denied

Fri May 27 16:11:20 PDT 2011
No core.
/mud/moosehead/log/1052.log: Permission denied.
gzip: /mud/moosehead/log/1052.log: Permission denied

Fri May 27 16:11:30 PDT 2011
No core.
/mud/moosehead/log/1052.log: Permission denied.
gzip: /mud/moosehead/log/1052.log: Permission denied

Fri May 27 16:11:40 PDT 2011
No core.
/mud/moosehead/log/1052.log: Permission denied.
gzip: /mud/moosehead/log/1052.log: Permission denied

Fri May 27 16:11:50 PDT 2011
No core.
/mud/moosehead/log/1052.log: Permission denied.
gzip: /mud/moosehead/log/1052.log: Permission denied

Fri May 27 16:12:00 PDT 2011
No core.
/mud/moosehead/log/1052.log: Permission denied.
gzip: /mud/moosehead/log/1052.log: Permission denied

Fri May 27 16:12:11 PDT 2011
No core.
/mud/moosehead/log/1052.log: Permission denied.
gzip: /mud/moosehead/log/1052.log: Permission denied

Fri May 27 16:12:21 PDT 2011
No core.
/mud/moosehead/log/1052.log: Permission denied.
gzip: /mud/moosehead/log/1052.log: Permission denied

Fri May 27 16:12:31 PDT 2011
No core.
/mud/moosehead/log/1052.log: Permission denied.
gzip: /mud/moosehead/log/1052.log: Permission denied

Fri May 27 16:12:41 PDT 2011
No core.
/mud/moosehead/log/1052.log: Permission denied.
gzip: /mud/moosehead/log/1052.log: Permission denied

Fri May 27 16:12:51 PDT 2011
No core.
ulimit: Command not found.
gzip: /mud/moosehead/log/1052.log: Permission denied
/mud/moosehead/log/1052.log: Permission denied.
gzip: /mud/moosehead/log/1052.log: Permission denied

Fri May 27 16:12:58 PDT 2011
No core.
/mud/moosehead/log/1052.log: Permission denied.
gzip: /mud/moosehead/log/1052.log: Permission denied

Fri May 27 16:13:01 PDT 2011
No core.
/mud/moosehead/log/1052.log: Permission denied.
gzip: /mud/moosehead/log/1052.log: Permission denied

Fri May 27 16:13:08 PDT 2011
No core.
/mud/moosehead/log/1052.log: Permission denied.
gzip: /mud/moosehead/log/1052.log: Permission denied

Fri May 27 16:13:11 PDT 2011
No core.
/mud/moosehead/log/1052.log: Permission denied.
gzip: /mud/moosehead/log/1052.log: Permission denied

Fri May 27 16:13:18 PDT 2011
No core.
/mud/moosehead/log/1052.log: Permission denied.
gzip: /mud/moosehead/log/1052.log: Permission denied

Fri May 27 16:13:21 PDT 2011
No core.
/mud/moosehead/log/1052.log: Permission denied.
gzip: /mud/moosehead/log/1052.log: Permission denied

Fri May 27 16:13:28 PDT 2011
No core.
/mud/moosehead/log/1052.log: Permission denied.
gzip: /mud/moosehead/log/1052.log: Permission denied

Fri May 27 16:13:31 PDT 2011
No core.
/mud/moosehead/log/1052.log: Permission denied.
gzip: /mud/moosehead/log/1052.log: Permission denied

Fri May 27 16:13:38 PDT 2011
No core.
/mud/moosehead/log/1052.log: Permission denied.
gzip: /mud/moosehead/log/1052.log: Permission denied

Fri May 27 16:13:41 PDT 2011
No core.
/mud/moosehead/log/1052.log: Permission denied.
gzip: /mud/moosehead/log/1052.log: Permission denied

Fri May 27 16:13:48 PDT 2011
No core.
/mud/moosehead/log/1052.log: Permission denied.
gzip: /mud/moosehead/log/1052.log: Permission denied

Fri May 27 16:13:51 PDT 2011
No core.
/mud/moosehead/log/1052.log: Permission denied.
gzip: /mud/moosehead/log/1052.log: Permission denied

Fri May 27 16:13:58 PDT 2011
No core.
/mud/moosehead/log/1052.log: Permission denied.
gzip: /mud/moosehead/log/1052.log: Permission denied

Fri May 27 16:14:01 PDT 2011
No core.
/mud/moosehead/log/1052.log: Permission denied.
gzip: /mud/moosehead/log/1052.log: Permission denied

Fri May 27 16:14:11 PDT 2011
No core.
/mud/moosehead/log/1052.log: Permission denied.
gzip: /mud/moosehead/log/1052.log: Permission denied

Fri May 27 16:14:21 PDT 2011
No core.
/mud/moosehead/log/1052.log: Permission denied.
gzip: /mud/moosehead/log/1052.log: Permission denied

Fri May 27 16:14:31 PDT 2011
No core.
/mud/moosehead/log/1052.log: Permission denied.
gzip: /mud/moosehead/log/1052.log: Permission denied

Fri May 27 16:14:41 PDT 2011
No core.
/mud/moosehead/log/1052.log: Permission denied.
gzip: /mud/moosehead/log/1052.log: Permission denied

Fri May 27 16:14:52 PDT 2011
No core.
/mud/moosehead/log/1052.log: Permission denied.
gzip: /mud/moosehead/log/1052.log: Permission denied

Fri May 27 16:15:02 PDT 2011
No core.
/mud/moosehead/log/1052.log: Permission denied.
gzip: /mud/moosehead/log/1052.log: Permission denied

Fri May 27 16:15:12 PDT 2011
No core.
/mud/moosehead/log/1052.log: Permission denied.
gzip: /mud/moosehead/log/1052.log: Permission denied

Fri May 27 16:15:22 PDT 2011
No core.
/mud/moosehead/log/1052.log: Permission denied.
gzip: /mud/moosehead/log/1052.log: Permission denied

Fri May 27 16:15:32 PDT 2011
No core.
/mud/moosehead/log/1052.log: Permission denied.
gzip: /mud/moosehead/log/1052.log: Permission denied

Fri May 27 16:15:42 PDT 2011
No core.

Sun May 29 13:42:11 PDT 2011
No core.

Sun May 29 13:42:21 PDT 2011
No core.

Sun May 29 13:42:31 PDT 2011
No core.

Sun May 29 13:42:41 PDT 2011
No core.

Sun May 29 13:42:51 PDT 2011
No core.

Sun May 29 13:43:01 PDT 2011
No core.

Sun May 29 13:43:11 PDT 2011
No core.

Sun May 29 13:43:21 PDT 2011
No core.

Sun May 29 13:43:31 PDT 2011
No core.

Sun May 29 13:43:41 PDT 2011
No core.

Sun May 29 13:43:51 PDT 2011
No core.

Sun May 29 13:44:01 PDT 2011
No core.

Sun May 29 13:44:12 PDT 2011
No core.

Sun May 29 13:44:22 PDT 2011
No core.

Sun May 29 13:44:32 PDT 2011
No core.

Sun May 29 13:44:42 PDT 2011
No core.

Sun May 29 13:44:52 PDT 2011
No core.

Sun May 29 13:45:02 PDT 2011
No core.

Sun May 29 13:45:12 PDT 2011
No core.

Sun May 29 13:45:22 PDT 2011
No core.

Sun May 29 13:45:32 PDT 2011
No core.

Sun May 29 13:45:42 PDT 2011
No core.

Sun May 29 13:45:52 PDT 2011
No core.

Sun May 29 13:46:02 PDT 2011
No core.

Sun May 29 13:46:13 PDT 2011
No core.

Sun May 29 13:46:23 PDT 2011
No core.

Sun May 29 13:46:33 PDT 2011
No core.

Sun May 29 13:46:43 PDT 2011
No core.

Sun May 29 13:46:53 PDT 2011
No core.

Sun May 29 13:47:03 PDT 2011
No core.

Sun May 29 13:47:13 PDT 2011
No core.

Sun May 29 13:47:23 PDT 2011
No core.

Sun May 29 13:47:33 PDT 2011
No core.

Sun May 29 13:47:43 PDT 2011
No core.

Sun May 29 13:47:53 PDT 2011
No core.

Sun May 29 13:48:03 PDT 2011
No core.

Sun May 29 13:48:14 PDT 2011
No core.

Sun May 29 13:48:24 PDT 2011
No core.

Sun May 29 13:48:34 PDT 2011
No core.

Sun May 29 13:48:44 PDT 2011
No core.

Sun May 29 13:48:54 PDT 2011
No core.

Sun May 29 13:49:04 PDT 2011
No core.

Sun May 29 13:49:14 PDT 2011
No core.

Sun May 29 13:49:24 PDT 2011
No core.

Sun May 29 13:49:34 PDT 2011
No core.

Sun May 29 13:49:44 PDT 2011
No core.

Sun May 29 13:49:54 PDT 2011
No core.

Sun May 29 13:50:04 PDT 2011
No core.

Sun May 29 13:50:15 PDT 2011
No core.

Sun May 29 13:50:25 PDT 2011
No core.

Sun May 29 13:50:35 PDT 2011
No core.

Sun May 29 13:50:45 PDT 2011
No core.

Sun May 29 13:50:55 PDT 2011
No core.

Sun May 29 13:51:05 PDT 2011
No core.

Sun May 29 13:51:15 PDT 2011
No core.

Sun May 29 13:51:25 PDT 2011
No core.

Sun May 29 13:51:35 PDT 2011
No core.

Sun May 29 13:51:45 PDT 2011
No core.

Sun May 29 13:51:55 PDT 2011
No core.

Sun May 29 13:52:06 PDT 2011
No core.

Sun May 29 13:52:16 PDT 2011
No core.

Sun May 29 13:52:26 PDT 2011
No core.

Sun May 29 13:52:36 PDT 2011
No core.

Sun May 29 13:52:46 PDT 2011
No core.

Sun May 29 13:52:56 PDT 2011
No core.

Sun May 29 13:53:06 PDT 2011
No core.

Sun May 29 13:53:16 PDT 2011
No core.

Sun May 29 13:53:26 PDT 2011
No core.

Sun May 29 13:53:36 PDT 2011
No core.

Sun May 29 13:53:47 PDT 2011
No core.

Sun May 29 13:53:57 PDT 2011
No core.

Sun May 29 13:54:07 PDT 2011
No core.

Sun May 29 13:54:17 PDT 2011
No core.
gzip: No match.
Terminated

Sun May 29 23:34:06 PDT 2011
No core.

Mon May 30 07:20:50 PDT 2011
No core.

Mon May 30 07:21:00 PDT 2011
No core.

Mon May 30 07:21:10 PDT 2011
No core.

Mon May 30 07:21:20 PDT 2011
No core.

Mon May 30 07:21:30 PDT 2011
No core.

Mon May 30 07:21:40 PDT 2011
No core.

Mon May 30 07:21:50 PDT 2011
No core.

Mon May 30 07:22:01 PDT 2011
No core.

Mon May 30 07:22:11 PDT 2011
No core.

Mon May 30 07:22:21 PDT 2011
No core.

Mon May 30 07:22:31 PDT 2011
No core.

Mon May 30 07:22:41 PDT 2011
No core.

Mon May 30 07:22:51 PDT 2011
No core.

Mon May 30 07:23:01 PDT 2011
No core.

Mon May 30 07:23:11 PDT 2011
No core.

Mon May 30 07:23:21 PDT 2011
No core.

Mon May 30 07:23:32 PDT 2011
No core.

Mon May 30 07:23:42 PDT 2011
No core.

Mon May 30 07:23:52 PDT 2011
No core.
Terminated
gzip: /mud/moosehead/log/1153.log: No such file or directory

Mon May 30 07:23:52 PDT 2011
No core.

Mon May 30 07:24:02 PDT 2011
No core.

Mon May 30 07:24:13 PDT 2011
No core.

Mon May 30 07:24:23 PDT 2011
No core.

Mon May 30 07:24:33 PDT 2011
No core.

Mon May 30 07:24:43 PDT 2011
No core.

Mon May 30 07:24:53 PDT 2011
No core.

Mon May 30 07:25:03 PDT 2011
No core.

Mon May 30 07:25:13 PDT 2011
No core.

Mon May 30 07:25:23 PDT 2011
No core.

Mon May 30 07:25:33 PDT 2011
No core.

Mon May 30 07:25:44 PDT 2011
No core.

Mon May 30 07:25:54 PDT 2011
No core.

Mon May 30 07:26:04 PDT 2011
No core.

Mon May 30 07:26:14 PDT 2011
No core.

Mon May 30 07:26:24 PDT 2011
No core.

Mon May 30 07:26:34 PDT 2011
No core.

Mon May 30 07:26:44 PDT 2011
No core.

Mon May 30 07:26:54 PDT 2011
No core.

Mon May 30 07:27:04 PDT 2011
No core.

Mon May 30 07:27:14 PDT 2011
No core.

Mon May 30 07:27:25 PDT 2011
No core.

Mon May 30 07:27:35 PDT 2011
No core.

Mon May 30 07:27:45 PDT 2011
No core.

Mon May 30 07:27:55 PDT 2011
No core.

Mon May 30 07:28:05 PDT 2011
No core.

Mon May 30 07:28:15 PDT 2011
No core.

Mon May 30 07:28:25 PDT 2011
No core.

Mon May 30 07:28:35 PDT 2011
No core.

Mon May 30 07:28:45 PDT 2011
No core.

Mon May 30 07:28:56 PDT 2011
No core.

Mon May 30 07:29:06 PDT 2011
No core.

Mon May 30 07:29:16 PDT 2011
No core.

Mon May 30 07:29:26 PDT 2011
No core.

Mon May 30 07:29:36 PDT 2011
No core.

Mon May 30 07:29:46 PDT 2011
No core.

Mon May 30 07:29:56 PDT 2011
No core.

Mon May 30 07:30:06 PDT 2011
No core.

Mon May 30 07:30:16 PDT 2011
No core.

Mon May 30 07:30:27 PDT 2011
No core.

Mon May 30 07:30:37 PDT 2011
No core.

Mon May 30 07:30:47 PDT 2011
No core.

Mon May 30 07:30:57 PDT 2011
No core.

Mon May 30 07:31:07 PDT 2011
No core.

Mon May 30 07:31:17 PDT 2011
No core.

Mon May 30 07:31:27 PDT 2011
No core.

Mon May 30 07:31:37 PDT 2011
No core.

Mon May 30 07:31:47 PDT 2011
No core.

Mon May 30 07:31:58 PDT 2011
No core.

Mon May 30 07:32:08 PDT 2011
No core.

Mon May 30 07:32:18 PDT 2011
No core.

Mon May 30 07:32:28 PDT 2011
No core.

Mon May 30 07:32:38 PDT 2011
No core.

Mon May 30 07:32:48 PDT 2011
No core.

Mon May 30 07:32:58 PDT 2011
No core.

Mon May 30 07:33:08 PDT 2011
No core.

Mon May 30 07:33:18 PDT 2011
No core.

Mon May 30 07:33:29 PDT 2011
No core.

Mon May 30 07:33:39 PDT 2011
No core.

Mon May 30 07:33:49 PDT 2011
No core.

Mon May 30 07:33:59 PDT 2011
No core.

Mon May 30 07:34:09 PDT 2011
No core.

Mon May 30 07:34:19 PDT 2011
No core.

Mon May 30 07:34:29 PDT 2011
No core.

Mon May 30 07:34:39 PDT 2011
No core.

Mon May 30 07:34:50 PDT 2011
No core.

Mon May 30 07:35:00 PDT 2011
No core.

Mon May 30 07:35:10 PDT 2011
No core.

Mon May 30 07:35:20 PDT 2011
No core.

Mon May 30 07:35:30 PDT 2011
No core.

Mon May 30 07:35:40 PDT 2011
No core.

Mon May 30 07:35:50 PDT 2011
No core.

Mon May 30 07:36:00 PDT 2011
No core.

Mon May 30 07:36:11 PDT 2011
No core.

Mon May 30 07:36:21 PDT 2011
No core.

Mon May 30 07:36:31 PDT 2011
No core.

Mon May 30 07:36:41 PDT 2011
No core.

Mon May 30 07:36:51 PDT 2011
No core.

Mon May 30 07:37:01 PDT 2011
No core.

Mon May 30 07:37:11 PDT 2011
No core.

Mon May 30 07:37:21 PDT 2011
No core.

Mon May 30 07:37:31 PDT 2011
No core.

Mon May 30 07:37:42 PDT 2011
No core.

Mon May 30 07:37:52 PDT 2011
No core.

Mon May 30 07:38:02 PDT 2011
No core.

Mon May 30 07:38:12 PDT 2011
No core.

Mon May 30 07:38:22 PDT 2011
No core.

Mon May 30 07:38:32 PDT 2011
No core.

Mon May 30 07:38:42 PDT 2011
No core.

Mon May 30 07:38:52 PDT 2011
No core.

Mon May 30 07:39:03 PDT 2011
No core.

Mon May 30 07:39:13 PDT 2011
No core.

Mon May 30 07:39:23 PDT 2011
No core.

Mon May 30 07:39:33 PDT 2011
No core.

Mon May 30 07:39:43 PDT 2011
No core.

Mon May 30 07:39:53 PDT 2011
No core.

Mon May 30 07:40:03 PDT 2011
No core.

Mon May 30 07:40:13 PDT 2011
No core.

Mon May 30 07:40:24 PDT 2011
No core.

Mon May 30 07:40:34 PDT 2011
No core.

Mon May 30 07:40:44 PDT 2011
No core.

Mon May 30 07:40:54 PDT 2011
No core.

Mon May 30 07:41:04 PDT 2011
No core.

Mon May 30 07:41:14 PDT 2011
No core.

Mon May 30 07:41:24 PDT 2011
No core.

Mon May 30 07:41:35 PDT 2011
No core.

Mon May 30 07:41:45 PDT 2011
No core.

Mon May 30 07:41:55 PDT 2011
No core.

Mon May 30 07:42:05 PDT 2011
No core.

Mon May 30 07:42:15 PDT 2011
No core.

Mon May 30 07:42:25 PDT 2011
No core.

Mon May 30 07:42:35 PDT 2011
No core.

Mon May 30 07:42:45 PDT 2011
No core.

Mon May 30 07:42:56 PDT 2011
No core.

Mon May 30 07:43:06 PDT 2011
No core.

Mon May 30 07:43:16 PDT 2011
No core.

Mon May 30 07:43:26 PDT 2011
No core.

Mon May 30 07:43:36 PDT 2011
No core.

Mon May 30 07:43:46 PDT 2011
No core.

Mon May 30 07:43:56 PDT 2011
No core.

Mon May 30 07:44:07 PDT 2011
No core.

Mon May 30 07:44:17 PDT 2011
No core.

Mon May 30 07:44:27 PDT 2011
No core.

Mon May 30 07:44:37 PDT 2011
No core.

Mon May 30 07:44:47 PDT 2011
No core.

Mon May 30 07:44:57 PDT 2011
No core.

Mon May 30 07:45:07 PDT 2011
No core.

Mon May 30 07:45:18 PDT 2011
No core.

Mon May 30 07:45:28 PDT 2011
No core.

Mon May 30 07:45:38 PDT 2011
No core.

Mon May 30 07:45:48 PDT 2011
No core.

Mon May 30 07:45:58 PDT 2011
No core.

Mon May 30 07:46:08 PDT 2011
No core.

Mon May 30 07:46:18 PDT 2011
No core.

Mon May 30 07:46:28 PDT 2011
No core.

Mon May 30 07:46:39 PDT 2011
No core.

Mon May 30 07:46:49 PDT 2011
No core.

Mon May 30 07:46:59 PDT 2011
No core.

Mon May 30 07:47:09 PDT 2011
No core.

Mon May 30 07:47:19 PDT 2011
No core.

Mon May 30 07:47:29 PDT 2011
No core.

Mon May 30 07:47:39 PDT 2011
No core.

Mon May 30 07:47:50 PDT 2011
No core.

Mon May 30 07:48:00 PDT 2011
No core.

Mon May 30 07:48:10 PDT 2011
No core.

Mon May 30 07:48:20 PDT 2011
No core.

Mon May 30 07:48:30 PDT 2011
No core.

Mon May 30 07:48:40 PDT 2011
No core.

Mon May 30 07:48:50 PDT 2011
No core.

Mon May 30 07:49:01 PDT 2011
No core.

Mon May 30 07:49:11 PDT 2011
No core.

Mon May 30 07:49:21 PDT 2011
No core.

Mon May 30 07:49:31 PDT 2011
No core.

Mon May 30 07:49:41 PDT 2011
No core.

Mon May 30 07:49:51 PDT 2011
No core.

Mon May 30 07:50:01 PDT 2011
No core.

Mon May 30 07:50:12 PDT 2011
No core.

Mon May 30 07:50:22 PDT 2011
No core.

Mon May 30 07:50:32 PDT 2011
No core.

Mon May 30 07:50:42 PDT 2011
No core.

Mon May 30 07:50:52 PDT 2011
No core.

Mon May 30 07:51:02 PDT 2011
No core.

Mon May 30 07:51:12 PDT 2011
No core.

Mon May 30 07:51:23 PDT 2011
No core.

Mon May 30 07:51:33 PDT 2011
No core.

Mon May 30 07:51:43 PDT 2011
No core.

Mon May 30 07:51:53 PDT 2011
No core.

Mon May 30 07:52:03 PDT 2011
No core.
Segmentation fault (core dumped)
gzip: /mud/moosehead/log/1173.log: No such file or directory

Mon May 30 07:52:10 PDT 2011
No core.

Mon May 30 07:52:20 PDT 2011
No core.

Mon May 30 07:52:30 PDT 2011
No core.

Mon May 30 07:52:40 PDT 2011
No core.

Mon May 30 07:52:50 PDT 2011
No core.

Mon May 30 07:53:00 PDT 2011
No core.

Mon May 30 07:53:11 PDT 2011
No core.

Mon May 30 07:53:21 PDT 2011
No core.

Mon May 30 07:53:31 PDT 2011
No core.

Mon May 30 07:53:41 PDT 2011
No core.

Mon May 30 07:53:51 PDT 2011
No core.

Mon May 30 07:54:01 PDT 2011
No core.

Mon May 30 07:54:11 PDT 2011
No core.

Mon May 30 07:54:22 PDT 2011
No core.

Mon May 30 07:54:32 PDT 2011
No core.

Mon May 30 07:54:42 PDT 2011
No core.

Mon May 30 07:54:52 PDT 2011
No core.

Mon May 30 07:55:02 PDT 2011
No core.

Mon May 30 07:55:12 PDT 2011
No core.

Mon May 30 07:55:23 PDT 2011
No core.

Mon May 30 07:55:33 PDT 2011
No core.

Mon May 30 07:55:43 PDT 2011
No core.

Mon May 30 07:55:53 PDT 2011
No core.

Mon May 30 07:56:03 PDT 2011
No core.

Mon May 30 07:56:13 PDT 2011
No core.

Mon May 30 07:56:23 PDT 2011
No core.

Mon May 30 07:56:34 PDT 2011
No core.

Mon May 30 07:56:44 PDT 2011
No core.

Mon May 30 07:56:54 PDT 2011
No core.

Mon May 30 07:57:04 PDT 2011
No core.
Killed
gzip: /mud/moosehead/log/1340.log: No such file or directory

Mon May 30 08:18:50 PDT 2011
No core.
Killed

Mon May 30 08:19:06 PDT 2011
No core.
Killed

Mon May 30 08:19:36 PDT 2011
No core.

Mon May 30 08:24:20 PDT 2011
No core.

Mon May 30 08:24:31 PDT 2011
No core.

Mon May 30 08:24:41 PDT 2011
No core.

Mon May 30 08:24:51 PDT 2011
No core.

Mon May 30 08:25:01 PDT 2011
No core.

Mon May 30 08:25:11 PDT 2011
No core.

Mon May 30 08:25:21 PDT 2011
No core.

Mon May 30 08:25:32 PDT 2011
No core.

Mon May 30 08:25:42 PDT 2011
No core.

Mon May 30 08:25:52 PDT 2011
No core.

Mon May 30 08:26:02 PDT 2011
No core.

Mon May 30 08:26:12 PDT 2011
No core.

Mon May 30 08:26:22 PDT 2011
No core.

Mon May 30 08:26:33 PDT 2011
No core.

Mon May 30 08:26:43 PDT 2011
No core.

Mon May 30 08:26:53 PDT 2011
No core.

Mon May 30 08:27:03 PDT 2011
No core.

Mon May 30 08:27:13 PDT 2011
No core.

Mon May 30 08:27:23 PDT 2011
No core.

Mon May 30 08:27:34 PDT 2011
No core.

Mon May 30 08:27:44 PDT 2011
No core.

Mon May 30 08:27:54 PDT 2011
No core.

Mon May 30 08:28:04 PDT 2011
No core.

Mon May 30 08:28:14 PDT 2011
No core.

Mon May 30 08:28:24 PDT 2011
No core.

Mon May 30 08:28:34 PDT 2011
No core.

Mon May 30 08:28:45 PDT 2011
No core.

Mon May 30 08:28:55 PDT 2011
No core.

Mon May 30 08:29:05 PDT 2011
No core.

Mon May 30 08:29:15 PDT 2011
No core.

Mon May 30 08:29:25 PDT 2011
No core.

Mon May 30 08:29:35 PDT 2011
No core.

Mon May 30 08:29:46 PDT 2011
No core.

Mon May 30 08:29:56 PDT 2011
No core.

Mon May 30 08:30:06 PDT 2011
No core.

Mon May 30 08:30:16 PDT 2011
No core.

Mon May 30 08:30:26 PDT 2011
No core.

Mon May 30 08:30:36 PDT 2011
No core.

Mon May 30 08:30:47 PDT 2011
No core.

Mon May 30 08:30:57 PDT 2011
No core.

Mon May 30 08:31:07 PDT 2011
No core.

Mon May 30 08:31:17 PDT 2011
No core.

Mon May 30 08:31:27 PDT 2011
No core.

Mon May 30 08:31:37 PDT 2011
No core.

Mon May 30 08:31:48 PDT 2011
No core.

Mon May 30 08:31:58 PDT 2011
No core.

Mon May 30 08:32:08 PDT 2011
No core.

Mon May 30 08:32:18 PDT 2011
No core.

Mon May 30 08:32:28 PDT 2011
No core.

Mon May 30 08:32:38 PDT 2011
No core.

Mon May 30 08:32:49 PDT 2011
No core.

Mon May 30 08:32:59 PDT 2011
No core.

Mon May 30 08:33:09 PDT 2011
No core.

Mon May 30 08:33:19 PDT 2011
No core.

Mon May 30 08:33:29 PDT 2011
No core.

Mon May 30 08:33:39 PDT 2011
No core.

Mon May 30 08:33:50 PDT 2011
No core.

Mon May 30 08:34:00 PDT 2011
No core.

Mon May 30 08:34:10 PDT 2011
No core.

Mon May 30 08:34:20 PDT 2011
No core.

Mon May 30 08:34:30 PDT 2011
No core.

Mon May 30 08:34:40 PDT 2011
No core.

Mon May 30 08:34:51 PDT 2011
No core.

Mon May 30 08:35:01 PDT 2011
No core.

Mon May 30 08:35:11 PDT 2011
No core.

Mon May 30 08:35:21 PDT 2011
No core.

Mon May 30 08:35:31 PDT 2011
No core.

Mon May 30 08:35:42 PDT 2011
No core.

Mon May 30 08:35:52 PDT 2011
No core.

Mon May 30 08:36:02 PDT 2011
No core.

Mon May 30 08:36:12 PDT 2011
No core.

Mon May 30 08:36:22 PDT 2011
No core.

Mon May 30 08:36:32 PDT 2011
No core.

Mon May 30 08:36:43 PDT 2011
No core.

Mon May 30 08:36:53 PDT 2011
No core.

Mon May 30 08:37:03 PDT 2011
No core.

Mon May 30 08:37:13 PDT 2011
No core.

Mon May 30 08:37:23 PDT 2011
No core.

Mon May 30 08:37:34 PDT 2011
No core.

Mon May 30 08:37:44 PDT 2011
No core.

Mon May 30 08:37:54 PDT 2011
No core.

Mon May 30 08:38:04 PDT 2011
No core.

Mon May 30 08:38:14 PDT 2011
No core.

Mon May 30 08:38:24 PDT 2011
No core.

Mon May 30 08:38:35 PDT 2011
No core.

Mon May 30 08:38:45 PDT 2011
No core.

Mon May 30 08:38:55 PDT 2011
No core.

Mon May 30 08:39:05 PDT 2011
No core.

Mon May 30 08:39:15 PDT 2011
No core.

Mon May 30 08:39:25 PDT 2011
No core.

Mon May 30 08:39:36 PDT 2011
No core.

Mon May 30 08:39:46 PDT 2011
No core.

Mon May 30 08:39:56 PDT 2011
No core.

Mon May 30 08:40:06 PDT 2011
No core.

Mon May 30 08:40:16 PDT 2011
No core.

Mon May 30 08:40:27 PDT 2011
No core.

Mon May 30 08:40:37 PDT 2011
No core.

Mon May 30 08:40:47 PDT 2011
No core.

Mon May 30 08:40:57 PDT 2011
No core.

Mon May 30 08:41:07 PDT 2011
No core.

Mon May 30 08:41:17 PDT 2011
No core.

Mon May 30 08:41:28 PDT 2011
No core.

Mon May 30 08:41:38 PDT 2011
No core.

Mon May 30 08:41:48 PDT 2011
No core.

Mon May 30 08:41:58 PDT 2011
No core.

Mon May 30 08:42:08 PDT 2011
No core.

Mon May 30 08:42:19 PDT 2011
No core.

Mon May 30 08:42:29 PDT 2011
No core.

Mon May 30 08:42:39 PDT 2011
No core.

Mon May 30 08:42:49 PDT 2011
No core.

Mon May 30 08:42:59 PDT 2011
No core.

Mon May 30 08:43:09 PDT 2011
No core.

Mon May 30 08:43:20 PDT 2011
No core.

Mon May 30 08:43:30 PDT 2011
No core.

Mon May 30 08:43:40 PDT 2011
No core.

Mon May 30 08:43:50 PDT 2011
No core.

Mon May 30 08:44:00 PDT 2011
No core.

Mon May 30 08:44:11 PDT 2011
No core.

Mon May 30 08:44:21 PDT 2011
No core.

Mon May 30 08:44:31 PDT 2011
No core.

Mon May 30 08:44:41 PDT 2011
No core.

Mon May 30 08:44:51 PDT 2011
No core.

Mon May 30 08:45:02 PDT 2011
No core.

Mon May 30 08:45:12 PDT 2011
No core.

Mon May 30 08:45:22 PDT 2011
No core.

Mon May 30 08:45:32 PDT 2011
No core.

Mon May 30 08:45:42 PDT 2011
No core.

Mon May 30 08:45:52 PDT 2011
No core.

Mon May 30 08:46:03 PDT 2011
No core.

Mon May 30 08:46:13 PDT 2011
No core.

Mon May 30 08:46:23 PDT 2011
No core.

Mon May 30 08:46:33 PDT 2011
No core.

Mon May 30 08:46:43 PDT 2011
No core.

Mon May 30 08:46:54 PDT 2011
No core.

Mon May 30 08:47:04 PDT 2011
No core.

Mon May 30 08:47:14 PDT 2011
No core.

Mon May 30 08:47:24 PDT 2011
No core.

Mon May 30 08:47:34 PDT 2011
No core.

Mon May 30 08:47:45 PDT 2011
No core.

Mon May 30 08:47:55 PDT 2011
No core.

Mon May 30 08:48:05 PDT 2011
No core.

Mon May 30 08:48:15 PDT 2011
No core.

Mon May 30 08:48:25 PDT 2011
No core.

Mon May 30 08:48:36 PDT 2011
No core.

Mon May 30 08:48:46 PDT 2011
No core.

Mon May 30 08:48:56 PDT 2011
No core.

Mon May 30 08:49:06 PDT 2011
No core.

Mon May 30 08:49:16 PDT 2011
No core.

Mon May 30 08:49:27 PDT 2011
No core.

Mon May 30 08:49:37 PDT 2011
No core.

Mon May 30 08:49:47 PDT 2011
No core.

Mon May 30 08:49:57 PDT 2011
No core.

Mon May 30 08:50:07 PDT 2011
No core.

Mon May 30 08:50:18 PDT 2011
No core.

Mon May 30 08:50:28 PDT 2011
No core.

Mon May 30 08:50:38 PDT 2011
No core.

Mon May 30 08:50:48 PDT 2011
No core.

Mon May 30 08:50:58 PDT 2011
No core.

Mon May 30 08:51:09 PDT 2011
No core.

Mon May 30 08:51:19 PDT 2011
No core.

Mon May 30 08:51:29 PDT 2011
No core.

Mon May 30 08:51:39 PDT 2011
No core.

Mon May 30 08:51:49 PDT 2011
No core.

Mon May 30 08:52:00 PDT 2011
No core.

Mon May 30 08:52:10 PDT 2011
No core.

Mon May 30 08:52:20 PDT 2011
No core.

Mon May 30 08:52:30 PDT 2011
No core.

Mon May 30 08:52:40 PDT 2011
No core.

Mon May 30 08:52:51 PDT 2011
No core.

Mon May 30 08:53:01 PDT 2011
No core.

Mon May 30 08:53:11 PDT 2011
No core.

Mon May 30 08:53:21 PDT 2011
No core.

Mon May 30 08:53:31 PDT 2011
No core.

Mon May 30 08:53:42 PDT 2011
No core.

Mon May 30 08:53:52 PDT 2011
No core.

Mon May 30 08:54:02 PDT 2011
No core.

Mon May 30 08:54:12 PDT 2011
No core.

Mon May 30 08:54:22 PDT 2011
No core.

Mon May 30 08:54:33 PDT 2011
No core.

Mon May 30 08:54:43 PDT 2011
No core.

Mon May 30 08:54:53 PDT 2011
No core.

Mon May 30 08:55:03 PDT 2011
No core.

Mon May 30 08:55:13 PDT 2011
No core.

Mon May 30 08:55:24 PDT 2011
No core.

Mon May 30 08:55:34 PDT 2011
No core.

Mon May 30 08:55:44 PDT 2011
No core.

Mon May 30 08:55:54 PDT 2011
No core.

Mon May 30 08:56:04 PDT 2011
No core.

Mon May 30 08:56:15 PDT 2011
No core.

Mon May 30 08:56:25 PDT 2011
No core.

Mon May 30 08:56:35 PDT 2011
No core.

Mon May 30 08:56:45 PDT 2011
No core.

Mon May 30 08:56:55 PDT 2011
No core.

Mon May 30 08:57:06 PDT 2011
No core.

Mon May 30 08:57:16 PDT 2011
No core.

Mon May 30 08:57:26 PDT 2011
No core.

Mon May 30 08:57:36 PDT 2011
No core.

Mon May 30 08:57:47 PDT 2011
No core.

Mon May 30 08:57:57 PDT 2011
No core.

Mon May 30 08:58:07 PDT 2011
No core.

Mon May 30 08:58:17 PDT 2011
No core.

Mon May 30 08:58:27 PDT 2011
No core.

Mon May 30 08:58:38 PDT 2011
No core.

Mon May 30 08:58:48 PDT 2011
No core.

Mon May 30 08:58:58 PDT 2011
No core.

Mon May 30 08:59:08 PDT 2011
No core.

Mon May 30 08:59:18 PDT 2011
No core.

Mon May 30 08:59:29 PDT 2011
No core.

Mon May 30 08:59:39 PDT 2011
No core.

Mon May 30 08:59:49 PDT 2011
No core.

Mon May 30 08:59:59 PDT 2011
No core.

Mon May 30 09:00:10 PDT 2011
No core.

Mon May 30 09:00:20 PDT 2011
No core.

Mon May 30 09:00:30 PDT 2011
No core.

Mon May 30 09:00:40 PDT 2011
No core.

Mon May 30 09:00:50 PDT 2011
No core.

Mon May 30 09:01:01 PDT 2011
No core.

Mon May 30 09:01:11 PDT 2011
No core.

Mon May 30 09:01:21 PDT 2011
No core.

Mon May 30 09:01:31 PDT 2011
No core.

Mon May 30 09:01:41 PDT 2011
No core.

Mon May 30 09:01:52 PDT 2011
No core.

Mon May 30 09:02:02 PDT 2011
No core.

Mon May 30 09:02:12 PDT 2011
No core.

Mon May 30 09:02:22 PDT 2011
No core.

Mon May 30 09:02:33 PDT 2011
No core.

Mon May 30 09:02:43 PDT 2011
No core.

Mon May 30 09:02:53 PDT 2011
No core.

Mon May 30 09:03:03 PDT 2011
No core.

Mon May 30 09:03:13 PDT 2011
No core.

Mon May 30 09:03:24 PDT 2011
No core.

Mon May 30 09:03:34 PDT 2011
No core.

Mon May 30 09:03:44 PDT 2011
No core.

Mon May 30 09:03:54 PDT 2011
No core.

Mon May 30 09:04:04 PDT 2011
No core.

Mon May 30 09:04:15 PDT 2011
No core.

Mon May 30 09:04:25 PDT 2011
No core.

Mon May 30 09:04:35 PDT 2011
No core.

Mon May 30 09:04:45 PDT 2011
No core.

Mon May 30 09:04:56 PDT 2011
No core.

Mon May 30 09:05:06 PDT 2011
No core.

Mon May 30 09:05:16 PDT 2011
No core.

Mon May 30 09:05:26 PDT 2011
No core.

Mon May 30 09:05:36 PDT 2011
No core.

Mon May 30 09:05:47 PDT 2011
No core.

Mon May 30 09:05:57 PDT 2011
No core.

Mon May 30 09:06:07 PDT 2011
No core.

Mon May 30 09:06:17 PDT 2011
No core.

Mon May 30 09:06:28 PDT 2011
No core.

Mon May 30 09:06:38 PDT 2011
No core.

Mon May 30 09:06:48 PDT 2011
No core.

Mon May 30 09:06:58 PDT 2011
No core.

Mon May 30 09:07:09 PDT 2011
No core.

Mon May 30 09:07:19 PDT 2011
No core.

Mon May 30 09:07:29 PDT 2011
No core.

Mon May 30 09:07:39 PDT 2011
No core.

Mon May 30 09:07:49 PDT 2011
No core.

Mon May 30 09:08:00 PDT 2011
No core.
Killed
gzip: /mud/moosehead/log/1371.log: No such file or directory

Mon May 30 09:08:09 PDT 2011
No core.

Mon May 30 09:08:19 PDT 2011
No core.

Mon May 30 09:08:30 PDT 2011
No core.

Mon May 30 09:08:40 PDT 2011
No core.

Mon May 30 09:08:50 PDT 2011
No core.

Mon May 30 09:09:00 PDT 2011
No core.

Mon May 30 09:09:10 PDT 2011
No core.

Mon May 30 09:09:21 PDT 2011
No core.

Mon May 30 09:09:31 PDT 2011
No core.

Mon May 30 09:09:41 PDT 2011
No core.

Mon May 30 09:09:51 PDT 2011
No core.

Mon May 30 09:10:02 PDT 2011
No core.

Mon May 30 09:10:12 PDT 2011
No core.

Mon May 30 09:10:22 PDT 2011
No core.

Mon May 30 09:10:32 PDT 2011
No core.

Mon May 30 09:10:43 PDT 2011
No core.

Mon May 30 09:10:53 PDT 2011
No core.

Mon May 30 09:11:03 PDT 2011
No core.

Mon May 30 09:11:13 PDT 2011
No core.

Mon May 30 09:11:23 PDT 2011
No core.

Mon May 30 09:11:34 PDT 2011
No core.

Mon May 30 09:11:44 PDT 2011
No core.

Mon May 30 09:11:54 PDT 2011
No core.

Mon May 30 09:12:04 PDT 2011
No core.

Mon May 30 09:12:15 PDT 2011
No core.

Mon May 30 09:12:25 PDT 2011
No core.

Mon May 30 09:12:35 PDT 2011
No core.

Mon May 30 09:12:45 PDT 2011
No core.

Mon May 30 09:12:56 PDT 2011
No core.

Mon May 30 09:13:06 PDT 2011
No core.

Mon May 30 09:13:16 PDT 2011
No core.

Mon May 30 09:13:26 PDT 2011
No core.

Mon May 30 09:13:36 PDT 2011
No core.

Mon May 30 09:13:47 PDT 2011
No core.

Mon May 30 09:13:57 PDT 2011
No core.

Mon May 30 09:14:07 PDT 2011
No core.

Mon May 30 09:14:17 PDT 2011
No core.

Mon May 30 09:14:28 PDT 2011
No core.

Mon May 30 09:14:38 PDT 2011
No core.

Mon May 30 09:14:48 PDT 2011
No core.

Mon May 30 09:14:58 PDT 2011
No core.

Mon May 30 09:15:09 PDT 2011
No core.

Mon May 30 09:15:19 PDT 2011
No core.

Mon May 30 09:15:29 PDT 2011
No core.

Mon May 30 09:15:39 PDT 2011
No core.

Mon May 30 09:15:50 PDT 2011
No core.

Mon May 30 09:16:00 PDT 2011
No core.

Mon May 30 09:16:10 PDT 2011
No core.

Mon May 30 09:16:20 PDT 2011
No core.

Mon May 30 09:16:31 PDT 2011
No core.

Mon May 30 09:16:41 PDT 2011
No core.

Mon May 30 09:16:51 PDT 2011
No core.

Mon May 30 09:17:01 PDT 2011
No core.

Mon May 30 09:17:12 PDT 2011
No core.

Mon May 30 09:17:22 PDT 2011
No core.

Mon May 30 09:17:32 PDT 2011
No core.

Mon May 30 09:17:42 PDT 2011
No core.

Mon May 30 09:17:53 PDT 2011
No core.

Mon May 30 09:18:03 PDT 2011
No core.

Mon May 30 09:18:13 PDT 2011
No core.

Mon May 30 09:18:23 PDT 2011
No core.

Mon May 30 09:18:34 PDT 2011
No core.

Mon May 30 09:18:44 PDT 2011
No core.

Mon May 30 09:18:54 PDT 2011
No core.

Mon May 30 09:19:04 PDT 2011
No core.

Mon May 30 09:19:15 PDT 2011
No core.

Mon May 30 09:19:25 PDT 2011
No core.

Mon May 30 09:19:35 PDT 2011
No core.

Mon May 30 09:19:45 PDT 2011
No core.

Mon May 30 09:19:56 PDT 2011
No core.

Mon May 30 09:20:06 PDT 2011
No core.

Mon May 30 09:20:16 PDT 2011
No core.

Mon May 30 09:20:26 PDT 2011
No core.

Mon May 30 09:20:36 PDT 2011
No core.

Mon May 30 09:20:47 PDT 2011
No core.

Mon May 30 09:20:57 PDT 2011
No core.

Mon May 30 09:21:07 PDT 2011
No core.

Mon May 30 09:21:17 PDT 2011
No core.

Mon May 30 09:21:28 PDT 2011
No core.

Mon May 30 09:21:38 PDT 2011
No core.

Mon May 30 09:21:48 PDT 2011
No core.

Mon May 30 09:21:58 PDT 2011
No core.

Mon May 30 09:22:09 PDT 2011
No core.

Mon May 30 09:22:19 PDT 2011
No core.

Mon May 30 09:22:29 PDT 2011
No core.

Mon May 30 09:22:39 PDT 2011
No core.

Mon May 30 09:22:50 PDT 2011
No core.

Mon May 30 09:23:00 PDT 2011
No core.

Mon May 30 09:23:10 PDT 2011
No core.

Mon May 30 09:23:20 PDT 2011
No core.

Mon May 30 09:23:31 PDT 2011
No core.

Mon May 30 09:23:41 PDT 2011
No core.

Mon May 30 09:23:51 PDT 2011
No core.

Mon May 30 09:24:01 PDT 2011
No core.

Mon May 30 09:24:12 PDT 2011
No core.

Mon May 30 09:24:22 PDT 2011
No core.

Mon May 30 09:24:32 PDT 2011
No core.

Mon May 30 09:24:42 PDT 2011
No core.

Mon May 30 09:24:53 PDT 2011
No core.

Mon May 30 09:25:03 PDT 2011
No core.

Mon May 30 09:25:13 PDT 2011
No core.

Mon May 30 09:25:23 PDT 2011
No core.

Mon May 30 09:25:34 PDT 2011
No core.

Mon May 30 09:25:44 PDT 2011
No core.

Mon May 30 09:25:54 PDT 2011
No core.

Mon May 30 09:26:05 PDT 2011
No core.

Mon May 30 09:26:15 PDT 2011
No core.

Mon May 30 09:26:25 PDT 2011
No core.

Mon May 30 09:26:35 PDT 2011
No core.

Mon May 30 09:26:46 PDT 2011
No core.

Mon May 30 09:26:56 PDT 2011
No core.

Mon May 30 09:27:06 PDT 2011
No core.

Mon May 30 09:27:16 PDT 2011
No core.

Mon May 30 09:27:27 PDT 2011
No core.

Mon May 30 09:27:37 PDT 2011
No core.

Mon May 30 09:27:47 PDT 2011
No core.

Mon May 30 09:27:57 PDT 2011
No core.

Mon May 30 09:28:08 PDT 2011
No core.

Mon May 30 09:28:18 PDT 2011
No core.

Mon May 30 09:28:28 PDT 2011
No core.

Mon May 30 09:28:38 PDT 2011
No core.

Mon May 30 09:28:49 PDT 2011
No core.

Mon May 30 09:28:59 PDT 2011
No core.

Mon May 30 09:29:09 PDT 2011
No core.

Mon May 30 09:29:19 PDT 2011
No core.

Mon May 30 09:29:30 PDT 2011
No core.

Mon May 30 09:29:40 PDT 2011
No core.

Mon May 30 09:29:50 PDT 2011
No core.

Mon May 30 09:30:01 PDT 2011
No core.

Mon May 30 09:30:11 PDT 2011
No core.

Mon May 30 09:30:21 PDT 2011
No core.

Mon May 30 09:30:31 PDT 2011
No core.

Mon May 30 09:30:42 PDT 2011
No core.

Mon May 30 09:30:52 PDT 2011
No core.

Mon May 30 09:31:02 PDT 2011
No core.

Mon May 30 09:31:12 PDT 2011
No core.

Mon May 30 09:31:23 PDT 2011
No core.

Mon May 30 09:31:33 PDT 2011
No core.

Mon May 30 09:31:43 PDT 2011
No core.

Mon May 30 09:31:53 PDT 2011
No core.

Mon May 30 09:32:04 PDT 2011
No core.

Mon May 30 09:32:14 PDT 2011
No core.

Mon May 30 09:32:24 PDT 2011
No core.

Mon May 30 09:32:34 PDT 2011
No core.

Mon May 30 09:32:45 PDT 2011
No core.

Mon May 30 09:32:55 PDT 2011
No core.

Mon May 30 09:33:05 PDT 2011
No core.

Mon May 30 09:33:16 PDT 2011
No core.

Mon May 30 09:33:26 PDT 2011
No core.

Mon May 30 09:33:36 PDT 2011
No core.

Mon May 30 09:33:46 PDT 2011
No core.

Mon May 30 09:33:57 PDT 2011
No core.

Mon May 30 09:34:07 PDT 2011
No core.

Mon May 30 09:34:17 PDT 2011
No core.

Mon May 30 09:34:27 PDT 2011
No core.

Mon May 30 09:34:38 PDT 2011
No core.

Mon May 30 09:34:48 PDT 2011
No core.

Mon May 30 09:34:58 PDT 2011
No core.

Mon May 30 09:35:09 PDT 2011
No core.

Mon May 30 09:35:19 PDT 2011
No core.

Mon May 30 09:35:29 PDT 2011
No core.

Mon May 30 09:35:39 PDT 2011
No core.

Mon May 30 09:35:50 PDT 2011
No core.

Mon May 30 09:36:00 PDT 2011
No core.

Mon May 30 09:36:10 PDT 2011
No core.

Mon May 30 09:36:20 PDT 2011
No core.

Mon May 30 09:36:31 PDT 2011
No core.

Mon May 30 09:36:41 PDT 2011
No core.

Mon May 30 09:36:51 PDT 2011
No core.

Mon May 30 09:37:02 PDT 2011
No core.

Mon May 30 09:37:12 PDT 2011
No core.

Mon May 30 09:37:22 PDT 2011
No core.

Mon May 30 09:37:32 PDT 2011
No core.

Mon May 30 09:37:43 PDT 2011
No core.

Mon May 30 09:37:53 PDT 2011
No core.

Mon May 30 09:38:03 PDT 2011
No core.

Mon May 30 09:38:13 PDT 2011
No core.

Mon May 30 09:38:24 PDT 2011
No core.

Mon May 30 09:38:34 PDT 2011
No core.

Mon May 30 09:38:44 PDT 2011
No core.

Mon May 30 09:38:55 PDT 2011
No core.

Mon May 30 09:39:05 PDT 2011
No core.

Mon May 30 09:39:15 PDT 2011
No core.

Mon May 30 09:39:25 PDT 2011
No core.

Mon May 30 09:39:36 PDT 2011
No core.

Mon May 30 09:39:46 PDT 2011
No core.

Mon May 30 09:39:56 PDT 2011
No core.

Mon May 30 09:40:07 PDT 2011
No core.

Mon May 30 09:40:17 PDT 2011
No core.

Mon May 30 09:40:27 PDT 2011
No core.

Mon May 30 09:40:37 PDT 2011
No core.

Mon May 30 09:40:48 PDT 2011
No core.

Mon May 30 09:40:58 PDT 2011
No core.

Mon May 30 09:41:08 PDT 2011
No core.

Mon May 30 09:41:19 PDT 2011
No core.

Mon May 30 09:41:29 PDT 2011
No core.

Mon May 30 09:41:39 PDT 2011
No core.

Mon May 30 09:41:49 PDT 2011
No core.

Mon May 30 09:42:00 PDT 2011
No core.

Mon May 30 09:42:10 PDT 2011
No core.

Mon May 30 09:42:20 PDT 2011
No core.

Mon May 30 09:42:31 PDT 2011
No core.

Mon May 30 09:42:41 PDT 2011
No core.

Mon May 30 09:42:51 PDT 2011
No core.

Mon May 30 09:43:01 PDT 2011
No core.

Mon May 30 09:43:12 PDT 2011
No core.

Mon May 30 09:43:22 PDT 2011
No core.

Mon May 30 09:43:32 PDT 2011
No core.

Mon May 30 09:43:43 PDT 2011
No core.

Mon May 30 09:43:53 PDT 2011
No core.

Mon May 30 09:44:03 PDT 2011
No core.

Mon May 30 09:44:13 PDT 2011
No core.

Mon May 30 09:44:24 PDT 2011
No core.

Mon May 30 09:44:34 PDT 2011
No core.

Mon May 30 09:44:44 PDT 2011
No core.

Mon May 30 09:44:54 PDT 2011
No core.

Mon May 30 09:45:05 PDT 2011
No core.

Mon May 30 09:45:15 PDT 2011
No core.

Mon May 30 09:45:25 PDT 2011
No core.

Mon May 30 09:45:36 PDT 2011
No core.

Mon May 30 09:45:46 PDT 2011
No core.

Mon May 30 09:45:56 PDT 2011
No core.

Mon May 30 09:46:07 PDT 2011
No core.
Killed
gzip: /mud/moosehead/log/1630.log: No such file or directory

Mon May 30 09:46:07 PDT 2011
No core.

Mon May 30 09:46:18 PDT 2011
No core.

Mon May 30 09:46:28 PDT 2011
No core.

Mon May 30 09:46:38 PDT 2011
No core.

Mon May 30 09:46:49 PDT 2011
No core.

Mon May 30 09:46:59 PDT 2011
No core.

Mon May 30 09:47:09 PDT 2011
No core.

Mon May 30 09:47:20 PDT 2011
No core.

Mon May 30 09:47:30 PDT 2011
No core.

Mon May 30 09:47:40 PDT 2011
No core.

Mon May 30 09:47:50 PDT 2011
No core.

Mon May 30 09:48:01 PDT 2011
No core.

Mon May 30 09:48:11 PDT 2011
No core.

Mon May 30 09:48:21 PDT 2011
No core.

Mon May 30 09:48:32 PDT 2011
No core.

Mon May 30 09:48:42 PDT 2011
No core.

Mon May 30 09:48:52 PDT 2011
No core.

Mon May 30 09:49:02 PDT 2011
No core.

Mon May 30 09:49:13 PDT 2011
No core.

Mon May 30 09:49:23 PDT 2011
No core.

Mon May 30 09:49:33 PDT 2011
No core.

Mon May 30 09:49:44 PDT 2011
No core.

Mon May 30 09:49:54 PDT 2011
No core.

Mon May 30 09:50:04 PDT 2011
No core.

Mon May 30 09:50:15 PDT 2011
No core.

Mon May 30 09:50:25 PDT 2011
No core.

Mon May 30 09:50:35 PDT 2011
No core.

Mon May 30 09:50:45 PDT 2011
No core.

Mon May 30 09:50:56 PDT 2011
No core.

Mon May 30 09:51:06 PDT 2011
No core.

Mon May 30 09:51:16 PDT 2011
No core.

Mon May 30 09:51:27 PDT 2011
No core.

Mon May 30 09:51:37 PDT 2011
No core.

Mon May 30 09:51:47 PDT 2011
No core.

Mon May 30 09:51:58 PDT 2011
No core.

Mon May 30 09:52:08 PDT 2011
No core.

Mon May 30 09:52:18 PDT 2011
No core.

Mon May 30 09:52:28 PDT 2011
No core.

Mon May 30 09:52:39 PDT 2011
No core.

Mon May 30 09:52:49 PDT 2011
No core.

Mon May 30 09:52:59 PDT 2011
No core.

Mon May 30 09:53:10 PDT 2011
No core.

Mon May 30 09:53:20 PDT 2011
No core.

Mon May 30 09:53:30 PDT 2011
No core.

Mon May 30 09:53:40 PDT 2011
No core.

Mon May 30 09:53:51 PDT 2011
No core.

Mon May 30 09:54:01 PDT 2011
No core.

Mon May 30 09:54:11 PDT 2011
No core.

Mon May 30 09:54:22 PDT 2011
No core.

Mon May 30 09:54:32 PDT 2011
No core.

Mon May 30 09:54:42 PDT 2011
No core.

Mon May 30 09:54:53 PDT 2011
No core.

Mon May 30 09:55:03 PDT 2011
No core.

Mon May 30 09:55:13 PDT 2011
No core.

Mon May 30 09:55:23 PDT 2011
No core.

Mon May 30 09:55:34 PDT 2011
No core.

Mon May 30 09:55:44 PDT 2011
No core.

Mon May 30 09:55:54 PDT 2011
No core.

Mon May 30 09:56:05 PDT 2011
No core.

Mon May 30 09:56:15 PDT 2011
No core.

Mon May 30 09:56:25 PDT 2011
No core.

Mon May 30 09:56:36 PDT 2011
No core.

Mon May 30 09:56:46 PDT 2011
No core.

Mon May 30 09:56:56 PDT 2011
No core.

Mon May 30 09:57:06 PDT 2011
No core.

Mon May 30 09:57:17 PDT 2011
No core.

Mon May 30 09:57:27 PDT 2011
No core.

Mon May 30 09:57:37 PDT 2011
No core.

Mon May 30 09:57:48 PDT 2011
No core.

Mon May 30 09:57:58 PDT 2011
No core.

Mon May 30 09:58:08 PDT 2011
No core.

Mon May 30 09:58:19 PDT 2011
No core.

Mon May 30 09:58:29 PDT 2011
No core.

Mon May 30 09:58:39 PDT 2011
No core.

Mon May 30 09:58:50 PDT 2011
No core.

Mon May 30 09:59:00 PDT 2011
No core.

Mon May 30 09:59:10 PDT 2011
No core.

Mon May 30 09:59:21 PDT 2011
No core.

Mon May 30 09:59:31 PDT 2011
No core.

Mon May 30 09:59:41 PDT 2011
No core.

Mon May 30 09:59:51 PDT 2011
No core.

Mon May 30 10:00:02 PDT 2011
No core.

Mon May 30 10:00:12 PDT 2011
No core.

Mon May 30 10:00:22 PDT 2011
No core.

Mon May 30 10:00:33 PDT 2011
No core.

Mon May 30 10:00:43 PDT 2011
No core.

Mon May 30 10:00:53 PDT 2011
No core.

Mon May 30 10:01:04 PDT 2011
No core.

Mon May 30 10:01:14 PDT 2011
No core.

Mon May 30 10:01:24 PDT 2011
No core.

Mon May 30 10:01:35 PDT 2011
No core.

Mon May 30 10:01:45 PDT 2011
No core.

Mon May 30 10:01:55 PDT 2011
No core.

Mon May 30 10:02:06 PDT 2011
No core.

Mon May 30 10:02:16 PDT 2011
No core.

Mon May 30 10:02:26 PDT 2011
No core.

Mon May 30 10:02:36 PDT 2011
No core.

Mon May 30 10:02:47 PDT 2011
No core.

Mon May 30 10:02:57 PDT 2011
No core.

Mon May 30 10:03:07 PDT 2011
No core.

Mon May 30 10:03:18 PDT 2011
No core.

Mon May 30 10:03:28 PDT 2011
No core.

Mon May 30 10:03:38 PDT 2011
No core.

Mon May 30 10:03:49 PDT 2011
No core.

Mon May 30 10:03:59 PDT 2011
No core.

Mon May 30 10:04:09 PDT 2011
No core.

Mon May 30 10:04:20 PDT 2011
No core.

Mon May 30 10:04:30 PDT 2011
No core.

Mon May 30 10:04:40 PDT 2011
No core.

Mon May 30 10:04:51 PDT 2011
No core.

Mon May 30 10:05:01 PDT 2011
No core.

Mon May 30 10:05:11 PDT 2011
No core.

Mon May 30 10:05:21 PDT 2011
No core.

Mon May 30 10:05:32 PDT 2011
No core.

Mon May 30 10:05:42 PDT 2011
No core.

Mon May 30 10:05:52 PDT 2011
No core.

Mon May 30 10:06:03 PDT 2011
No core.

Mon May 30 10:06:13 PDT 2011
No core.

Mon May 30 10:06:23 PDT 2011
No core.

Mon May 30 10:06:34 PDT 2011
No core.

Mon May 30 10:06:44 PDT 2011
No core.

Mon May 30 10:06:54 PDT 2011
No core.

Mon May 30 10:07:05 PDT 2011
No core.

Mon May 30 10:07:15 PDT 2011
No core.

Mon May 30 10:07:25 PDT 2011
No core.

Mon May 30 10:07:36 PDT 2011
No core.

Mon May 30 10:07:46 PDT 2011
No core.

Mon May 30 10:07:56 PDT 2011
No core.

Mon May 30 10:08:07 PDT 2011
No core.

Mon May 30 10:08:17 PDT 2011
No core.

Mon May 30 10:08:27 PDT 2011
No core.

Mon May 30 10:08:38 PDT 2011
No core.

Mon May 30 10:08:48 PDT 2011
No core.

Mon May 30 10:08:58 PDT 2011
No core.

Mon May 30 10:09:09 PDT 2011
No core.

Mon May 30 10:09:19 PDT 2011
No core.

Mon May 30 10:09:29 PDT 2011
No core.

Mon May 30 10:09:40 PDT 2011
No core.

Mon May 30 10:09:50 PDT 2011
No core.

Mon May 30 10:10:00 PDT 2011
No core.

Mon May 30 10:10:11 PDT 2011
No core.

Mon May 30 10:10:21 PDT 2011
No core.

Mon May 30 10:10:31 PDT 2011
No core.

Mon May 30 10:10:42 PDT 2011
No core.

Mon May 30 10:10:52 PDT 2011
No core.

Mon May 30 10:11:02 PDT 2011
No core.

Mon May 30 10:11:13 PDT 2011
No core.

Mon May 30 10:11:23 PDT 2011
No core.

Mon May 30 10:11:33 PDT 2011
No core.

Mon May 30 10:11:44 PDT 2011
No core.

Mon May 30 10:11:54 PDT 2011
No core.

Mon May 30 10:12:04 PDT 2011
No core.

Mon May 30 10:12:14 PDT 2011
No core.

Mon May 30 10:12:25 PDT 2011
No core.

Mon May 30 10:12:35 PDT 2011
No core.

Mon May 30 10:12:45 PDT 2011
No core.

Mon May 30 10:12:56 PDT 2011
No core.

Mon May 30 10:13:06 PDT 2011
No core.

Mon May 30 10:13:16 PDT 2011
No core.

Mon May 30 10:13:27 PDT 2011
No core.

Mon May 30 10:13:37 PDT 2011
No core.

Mon May 30 10:13:47 PDT 2011
No core.

Mon May 30 10:13:58 PDT 2011
No core.

Mon May 30 10:14:08 PDT 2011
No core.

Mon May 30 10:14:18 PDT 2011
No core.

Mon May 30 10:14:29 PDT 2011
No core.

Mon May 30 10:14:39 PDT 2011
No core.

Mon May 30 10:14:49 PDT 2011
No core.

Mon May 30 10:15:00 PDT 2011
No core.

Mon May 30 10:15:10 PDT 2011
No core.

Mon May 30 10:15:20 PDT 2011
No core.

Mon May 30 10:15:31 PDT 2011
No core.

Mon May 30 10:15:41 PDT 2011
No core.

Mon May 30 10:15:51 PDT 2011
No core.

Mon May 30 10:16:02 PDT 2011
No core.

Mon May 30 10:16:12 PDT 2011
No core.

Mon May 30 10:16:22 PDT 2011
No core.

Mon May 30 10:16:33 PDT 2011
No core.

Mon May 30 10:16:43 PDT 2011
No core.

Mon May 30 10:16:53 PDT 2011
No core.

Mon May 30 10:17:04 PDT 2011
No core.

Mon May 30 10:17:14 PDT 2011
No core.

Mon May 30 10:17:24 PDT 2011
No core.

Mon May 30 10:17:35 PDT 2011
No core.

Mon May 30 10:17:45 PDT 2011
No core.

Mon May 30 10:17:55 PDT 2011
No core.

Mon May 30 10:18:06 PDT 2011
No core.

Mon May 30 10:18:16 PDT 2011
No core.

Mon May 30 10:18:26 PDT 2011
No core.

Mon May 30 10:18:37 PDT 2011
No core.

Mon May 30 10:18:47 PDT 2011
No core.

Mon May 30 10:18:57 PDT 2011
No core.

Mon May 30 10:19:08 PDT 2011
No core.

Mon May 30 10:19:18 PDT 2011
No core.

Mon May 30 10:19:29 PDT 2011
No core.

Mon May 30 10:19:39 PDT 2011
No core.

Mon May 30 10:19:49 PDT 2011
No core.

Mon May 30 10:20:00 PDT 2011
No core.

Mon May 30 10:20:10 PDT 2011
No core.

Mon May 30 10:20:20 PDT 2011
No core.

Mon May 30 10:20:31 PDT 2011
No core.

Mon May 30 10:20:41 PDT 2011
No core.

Mon May 30 10:20:51 PDT 2011
No core.

Mon May 30 10:21:02 PDT 2011
No core.

Mon May 30 10:21:12 PDT 2011
No core.

Mon May 30 10:21:22 PDT 2011
No core.

Mon May 30 10:21:33 PDT 2011
No core.

Mon May 30 10:21:43 PDT 2011
No core.

Mon May 30 10:21:53 PDT 2011
No core.

Mon May 30 10:22:04 PDT 2011
No core.

Mon May 30 10:22:14 PDT 2011
No core.

Mon May 30 10:22:24 PDT 2011
No core.

Mon May 30 10:22:35 PDT 2011
No core.

Mon May 30 10:22:45 PDT 2011
No core.

Mon May 30 10:22:55 PDT 2011
No core.

Mon May 30 10:23:06 PDT 2011
No core.

Mon May 30 10:23:16 PDT 2011
No core.

Mon May 30 10:23:26 PDT 2011
No core.

Mon May 30 10:23:37 PDT 2011
No core.

Mon May 30 10:23:47 PDT 2011
No core.

Mon May 30 10:23:58 PDT 2011
No core.

Mon May 30 10:24:08 PDT 2011
No core.

Mon May 30 10:24:18 PDT 2011
No core.

Mon May 30 10:24:29 PDT 2011
No core.

Mon May 30 10:24:39 PDT 2011
No core.

Mon May 30 10:24:49 PDT 2011
No core.

Mon May 30 10:25:00 PDT 2011
No core.

Mon May 30 10:25:10 PDT 2011
No core.

Mon May 30 10:25:20 PDT 2011
No core.

Mon May 30 10:25:31 PDT 2011
No core.

Mon May 30 10:25:41 PDT 2011
No core.

Mon May 30 10:25:51 PDT 2011
No core.

Mon May 30 10:26:02 PDT 2011
No core.

Mon May 30 10:26:12 PDT 2011
No core.

Mon May 30 10:26:22 PDT 2011
No core.

Mon May 30 10:26:33 PDT 2011
No core.

Mon May 30 10:26:43 PDT 2011
No core.

Mon May 30 10:26:53 PDT 2011
No core.

Mon May 30 10:27:04 PDT 2011
No core.

Mon May 30 10:27:14 PDT 2011
No core.

Mon May 30 10:27:24 PDT 2011
No core.

Mon May 30 10:27:35 PDT 2011
No core.

Mon May 30 10:27:45 PDT 2011
No core.

Mon May 30 10:27:56 PDT 2011
No core.

Mon May 30 10:28:06 PDT 2011
No core.

Mon May 30 10:28:16 PDT 2011
No core.

Mon May 30 10:28:27 PDT 2011
No core.

Mon May 30 10:28:37 PDT 2011
No core.

Mon May 30 10:28:47 PDT 2011
No core.

Mon May 30 10:28:58 PDT 2011
No core.

Mon May 30 10:29:08 PDT 2011
No core.

Mon May 30 10:29:18 PDT 2011
No core.

Mon May 30 10:29:29 PDT 2011
No core.

Mon May 30 10:29:39 PDT 2011
No core.

Mon May 30 10:29:49 PDT 2011
No core.

Mon May 30 10:30:00 PDT 2011
No core.

Mon May 30 10:30:10 PDT 2011
No core.

Mon May 30 10:30:21 PDT 2011
No core.

Mon May 30 10:30:31 PDT 2011
No core.

Mon May 30 10:30:41 PDT 2011
No core.

Mon May 30 10:30:52 PDT 2011
No core.

Mon May 30 10:31:02 PDT 2011
No core.

Mon May 30 10:31:12 PDT 2011
No core.

Mon May 30 10:31:23 PDT 2011
No core.

Mon May 30 10:31:33 PDT 2011
No core.

Mon May 30 10:31:43 PDT 2011
No core.

Mon May 30 10:31:54 PDT 2011
No core.

Mon May 30 10:32:04 PDT 2011
No core.

Mon May 30 10:32:15 PDT 2011
No core.

Mon May 30 10:32:25 PDT 2011
No core.

Mon May 30 10:32:35 PDT 2011
No core.

Mon May 30 10:32:46 PDT 2011
No core.

Mon May 30 10:32:56 PDT 2011
No core.

Mon May 30 10:33:06 PDT 2011
No core.

Mon May 30 10:33:17 PDT 2011
No core.

Mon May 30 10:33:27 PDT 2011
No core.

Mon May 30 10:33:37 PDT 2011
No core.

Mon May 30 10:33:48 PDT 2011
No core.

Mon May 30 10:33:58 PDT 2011
No core.

Mon May 30 10:34:09 PDT 2011
No core.

Mon May 30 10:34:19 PDT 2011
No core.

Mon May 30 10:34:29 PDT 2011
No core.

Mon May 30 10:34:40 PDT 2011
No core.

Mon May 30 10:34:50 PDT 2011
No core.

Mon May 30 10:35:00 PDT 2011
No core.

Mon May 30 10:35:11 PDT 2011
No core.

Mon May 30 10:35:21 PDT 2011
No core.

Mon May 30 10:35:31 PDT 2011
No core.

Mon May 30 10:35:42 PDT 2011
No core.

Mon May 30 10:35:52 PDT 2011
No core.

Mon May 30 10:36:03 PDT 2011
No core.

Mon May 30 10:36:13 PDT 2011
No core.

Mon May 30 10:36:23 PDT 2011
No core.

Mon May 30 10:36:34 PDT 2011
No core.

Mon May 30 10:36:44 PDT 2011
No core.

Mon May 30 10:36:54 PDT 2011
No core.

Mon May 30 10:37:05 PDT 2011
No core.

Mon May 30 10:37:15 PDT 2011
No core.

Mon May 30 10:37:25 PDT 2011
No core.

Mon May 30 10:37:36 PDT 2011
No core.

Mon May 30 10:37:46 PDT 2011
No core.

Mon May 30 10:37:57 PDT 2011
No core.

Mon May 30 10:38:07 PDT 2011
No core.

Mon May 30 10:38:17 PDT 2011
No core.

Mon May 30 10:38:28 PDT 2011
No core.

Mon May 30 10:38:38 PDT 2011
No core.

Mon May 30 10:38:48 PDT 2011
No core.

Mon May 30 10:38:59 PDT 2011
No core.

Mon May 30 10:39:09 PDT 2011
No core.

Mon May 30 10:39:20 PDT 2011
No core.

Mon May 30 10:39:30 PDT 2011
No core.

Mon May 30 10:39:40 PDT 2011
No core.

Mon May 30 10:39:51 PDT 2011
No core.

Mon May 30 10:40:01 PDT 2011
No core.

Mon May 30 10:40:11 PDT 2011
No core.

Mon May 30 10:40:22 PDT 2011
No core.

Mon May 30 10:40:32 PDT 2011
No core.

Mon May 30 10:40:43 PDT 2011
No core.

Mon May 30 10:40:53 PDT 2011
No core.

Mon May 30 10:41:03 PDT 2011
No core.

Mon May 30 10:41:14 PDT 2011
No core.

Mon May 30 10:41:24 PDT 2011
No core.

Mon May 30 10:41:34 PDT 2011
No core.

Mon May 30 10:41:45 PDT 2011
No core.

Mon May 30 10:41:55 PDT 2011
No core.

Mon May 30 10:42:06 PDT 2011
No core.

Mon May 30 10:42:16 PDT 2011
No core.

Mon May 30 10:42:26 PDT 2011
No core.

Mon May 30 10:42:37 PDT 2011
No core.

Mon May 30 10:42:47 PDT 2011
No core.

Mon May 30 10:42:58 PDT 2011
No core.

Mon May 30 10:43:08 PDT 2011
No core.

Mon May 30 10:43:18 PDT 2011
No core.

Mon May 30 10:43:29 PDT 2011
No core.

Mon May 30 10:43:39 PDT 2011
No core.

Mon May 30 10:43:49 PDT 2011
No core.

Mon May 30 10:44:00 PDT 2011
No core.

Mon May 30 10:44:10 PDT 2011
No core.

Mon May 30 10:44:21 PDT 2011
No core.

Mon May 30 10:44:31 PDT 2011
No core.

Mon May 30 10:44:41 PDT 2011
No core.

Mon May 30 10:44:52 PDT 2011
No core.

Mon May 30 10:45:02 PDT 2011
No core.

Mon May 30 10:45:12 PDT 2011
No core.

Mon May 30 10:45:23 PDT 2011
No core.

Mon May 30 10:45:33 PDT 2011
No core.

Mon May 30 10:45:44 PDT 2011
No core.

Mon May 30 10:45:54 PDT 2011
No core.

Mon May 30 10:46:04 PDT 2011
No core.

Mon May 30 10:46:15 PDT 2011
No core.

Mon May 30 10:46:25 PDT 2011
No core.

Mon May 30 10:46:35 PDT 2011
No core.

Mon May 30 10:46:46 PDT 2011
No core.

Mon May 30 10:46:56 PDT 2011
No core.

Mon May 30 10:47:07 PDT 2011
No core.

Mon May 30 10:47:17 PDT 2011
No core.

Mon May 30 10:47:27 PDT 2011
No core.

Mon May 30 10:47:38 PDT 2011
No core.

Mon May 30 10:47:48 PDT 2011
No core.

Mon May 30 10:47:59 PDT 2011
No core.

Mon May 30 10:48:09 PDT 2011
No core.

Mon May 30 10:48:19 PDT 2011
No core.

Mon May 30 10:48:30 PDT 2011
No core.

Mon May 30 10:48:40 PDT 2011
No core.

Mon May 30 10:48:50 PDT 2011
No core.

Mon May 30 10:49:01 PDT 2011
No core.

Mon May 30 10:49:11 PDT 2011
No core.

Mon May 30 10:49:22 PDT 2011
No core.

Mon May 30 10:49:32 PDT 2011
No core.

Mon May 30 10:49:42 PDT 2011
No core.

Mon May 30 10:49:53 PDT 2011
No core.

Mon May 30 10:50:03 PDT 2011
No core.

Mon May 30 10:50:14 PDT 2011
No core.

Mon May 30 10:50:24 PDT 2011
No core.

Mon May 30 10:50:34 PDT 2011
No core.

Mon May 30 10:50:45 PDT 2011
No core.

Mon May 30 10:50:55 PDT 2011
No core.

Mon May 30 10:51:06 PDT 2011
No core.

Mon May 30 10:51:16 PDT 2011
No core.

Mon May 30 10:51:26 PDT 2011
No core.

Mon May 30 10:51:37 PDT 2011
No core.

Mon May 30 10:51:47 PDT 2011
No core.

Mon May 30 10:51:58 PDT 2011
No core.

Mon May 30 10:52:08 PDT 2011
No core.

Mon May 30 10:52:18 PDT 2011
No core.

Mon May 30 10:52:29 PDT 2011
No core.

Mon May 30 10:52:39 PDT 2011
No core.

Mon May 30 10:52:50 PDT 2011
No core.

Mon May 30 10:53:00 PDT 2011
No core.

Mon May 30 10:53:10 PDT 2011
No core.

Mon May 30 10:53:21 PDT 2011
No core.

Mon May 30 10:53:31 PDT 2011
No core.

Mon May 30 10:53:42 PDT 2011
No core.

Mon May 30 10:53:52 PDT 2011
No core.

Mon May 30 10:54:02 PDT 2011
No core.

Mon May 30 10:54:13 PDT 2011
No core.

Mon May 30 10:54:23 PDT 2011
No core.

Mon May 30 10:54:34 PDT 2011
No core.

Mon May 30 10:54:44 PDT 2011
No core.

Mon May 30 10:54:54 PDT 2011
No core.

Mon May 30 10:55:05 PDT 2011
No core.

Mon May 30 10:55:15 PDT 2011
No core.

Mon May 30 10:55:25 PDT 2011
No core.

Mon May 30 10:55:36 PDT 2011
No core.

Mon May 30 10:55:46 PDT 2011
No core.

Mon May 30 10:55:57 PDT 2011
No core.

Mon May 30 10:56:07 PDT 2011
No core.

Mon May 30 10:56:17 PDT 2011
No core.

Mon May 30 10:56:28 PDT 2011
No core.

Mon May 30 10:56:38 PDT 2011
No core.

Mon May 30 10:56:49 PDT 2011
No core.

Mon May 30 10:56:59 PDT 2011
No core.

Mon May 30 10:57:09 PDT 2011
No core.

Mon May 30 10:57:20 PDT 2011
No core.

Mon May 30 10:57:30 PDT 2011
No core.

Mon May 30 10:57:41 PDT 2011
No core.

Mon May 30 10:57:51 PDT 2011
No core.

Mon May 30 10:58:01 PDT 2011
No core.

Mon May 30 10:58:12 PDT 2011
No core.

Mon May 30 10:58:22 PDT 2011
No core.

Mon May 30 10:58:33 PDT 2011
No core.

Mon May 30 10:58:43 PDT 2011
No core.

Mon May 30 10:58:54 PDT 2011
No core.

Mon May 30 10:59:04 PDT 2011
No core.

Mon May 30 10:59:14 PDT 2011
No core.

Mon May 30 10:59:25 PDT 2011
No core.

Mon May 30 10:59:35 PDT 2011
No core.

Mon May 30 10:59:46 PDT 2011
No core.

Mon May 30 10:59:56 PDT 2011
No core.

Mon May 30 11:00:06 PDT 2011
No core.

Mon May 30 11:00:17 PDT 2011
No core.

Mon May 30 11:00:27 PDT 2011
No core.

Mon May 30 11:00:38 PDT 2011
No core.

Mon May 30 11:00:48 PDT 2011
No core.

Mon May 30 11:00:58 PDT 2011
No core.

Mon May 30 11:01:09 PDT 2011
No core.

Mon May 30 11:01:19 PDT 2011
No core.

Mon May 30 11:01:30 PDT 2011
No core.

Mon May 30 11:01:40 PDT 2011
No core.

Mon May 30 11:01:50 PDT 2011
No core.

Mon May 30 11:02:01 PDT 2011
No core.

Mon May 30 11:02:11 PDT 2011
No core.

Mon May 30 11:02:22 PDT 2011
No core.

Mon May 30 11:02:32 PDT 2011
No core.

Mon May 30 11:02:42 PDT 2011
No core.

Mon May 30 11:02:53 PDT 2011
No core.

Mon May 30 11:03:03 PDT 2011
No core.

Mon May 30 11:03:14 PDT 2011
No core.

Mon May 30 11:03:24 PDT 2011
No core.

Mon May 30 11:03:35 PDT 2011
No core.

Mon May 30 11:03:45 PDT 2011
No core.

Mon May 30 11:03:55 PDT 2011
No core.

Mon May 30 11:04:06 PDT 2011
No core.

Mon May 30 11:04:16 PDT 2011
No core.

Mon May 30 11:04:27 PDT 2011
No core.

Mon May 30 11:04:37 PDT 2011
No core.

Mon May 30 11:04:47 PDT 2011
No core.

Mon May 30 11:04:58 PDT 2011
No core.

Mon May 30 11:05:08 PDT 2011
No core.

Mon May 30 11:05:19 PDT 2011
No core.

Mon May 30 11:05:29 PDT 2011
No core.

Mon May 30 11:05:39 PDT 2011
No core.

Mon May 30 11:05:50 PDT 2011
No core.

Mon May 30 11:06:00 PDT 2011
No core.

Mon May 30 11:06:11 PDT 2011
No core.

Mon May 30 11:06:21 PDT 2011
No core.

Mon May 30 11:06:31 PDT 2011
No core.

Mon May 30 11:06:42 PDT 2011
No core.

Mon May 30 11:06:52 PDT 2011
No core.

Mon May 30 11:07:03 PDT 2011
No core.

Mon May 30 11:07:13 PDT 2011
No core.

Mon May 30 11:07:24 PDT 2011
No core.

Mon May 30 11:07:34 PDT 2011
No core.

Mon May 30 11:07:44 PDT 2011
No core.

Mon May 30 11:07:55 PDT 2011
No core.

Mon May 30 11:08:05 PDT 2011
No core.

Mon May 30 11:08:16 PDT 2011
No core.

Mon May 30 11:08:26 PDT 2011
No core.

Mon May 30 11:08:36 PDT 2011
No core.

Mon May 30 11:08:47 PDT 2011
No core.

Mon May 30 11:08:57 PDT 2011
No core.

Mon May 30 11:09:08 PDT 2011
No core.

Mon May 30 11:09:18 PDT 2011
No core.

Mon May 30 11:09:29 PDT 2011
No core.

Mon May 30 11:09:39 PDT 2011
No core.

Mon May 30 11:09:49 PDT 2011
No core.

Mon May 30 11:10:00 PDT 2011
No core.

Mon May 30 11:10:10 PDT 2011
No core.

Mon May 30 11:10:21 PDT 2011
No core.

Mon May 30 11:10:31 PDT 2011
No core.

Mon May 30 11:10:42 PDT 2011
No core.

Mon May 30 11:10:52 PDT 2011
No core.

Mon May 30 11:11:02 PDT 2011
No core.

Mon May 30 11:11:13 PDT 2011
No core.

Mon May 30 11:11:23 PDT 2011
No core.

Mon May 30 11:11:34 PDT 2011
No core.

Mon May 30 11:11:44 PDT 2011
No core.

Mon May 30 11:11:54 PDT 2011
No core.

Mon May 30 11:12:05 PDT 2011
No core.

Mon May 30 11:12:15 PDT 2011
No core.

Mon May 30 11:12:26 PDT 2011
No core.

Mon May 30 11:12:36 PDT 2011
No core.

Mon May 30 11:12:47 PDT 2011
No core.

Mon May 30 11:12:57 PDT 2011
No core.

Mon May 30 11:13:07 PDT 2011
No core.

Mon May 30 11:13:18 PDT 2011
No core.

Mon May 30 11:13:28 PDT 2011
No core.

Mon May 30 11:13:39 PDT 2011
No core.

Mon May 30 11:13:49 PDT 2011
No core.

Mon May 30 11:14:00 PDT 2011
No core.

Mon May 30 11:14:10 PDT 2011
No core.

Mon May 30 11:14:21 PDT 2011
No core.

Mon May 30 11:14:31 PDT 2011
No core.

Mon May 30 11:14:41 PDT 2011
No core.

Mon May 30 11:14:52 PDT 2011
No core.

Mon May 30 11:15:02 PDT 2011
No core.

Mon May 30 11:15:13 PDT 2011
No core.

Mon May 30 11:15:23 PDT 2011
No core.

Mon May 30 11:15:34 PDT 2011
No core.

Mon May 30 11:15:44 PDT 2011
No core.

Mon May 30 11:15:54 PDT 2011
No core.

Mon May 30 11:16:05 PDT 2011
No core.

Mon May 30 11:16:15 PDT 2011
No core.

Mon May 30 11:16:26 PDT 2011
No core.

Mon May 30 11:16:36 PDT 2011
No core.

Mon May 30 11:16:47 PDT 2011
No core.

Mon May 30 11:16:57 PDT 2011
No core.

Mon May 30 11:17:07 PDT 2011
No core.

Mon May 30 11:17:18 PDT 2011
No core.

Mon May 30 11:17:28 PDT 2011
No core.

Mon May 30 11:17:39 PDT 2011
No core.

Mon May 30 11:17:49 PDT 2011
No core.

Mon May 30 11:18:00 PDT 2011
No core.

Mon May 30 11:18:10 PDT 2011
No core.

Mon May 30 11:18:20 PDT 2011
No core.

Mon May 30 11:18:31 PDT 2011
No core.

Mon May 30 11:18:41 PDT 2011
No core.

Mon May 30 11:18:52 PDT 2011
No core.

Mon May 30 11:19:02 PDT 2011
No core.

Mon May 30 11:19:13 PDT 2011
No core.

Mon May 30 11:19:23 PDT 2011
No core.

Mon May 30 11:19:33 PDT 2011
No core.

Mon May 30 11:19:44 PDT 2011
No core.

Mon May 30 11:19:54 PDT 2011
No core.

Mon May 30 11:20:05 PDT 2011
No core.

Mon May 30 11:20:15 PDT 2011
No core.

Mon May 30 11:20:26 PDT 2011
No core.

Mon May 30 11:20:36 PDT 2011
No core.

Mon May 30 11:20:47 PDT 2011
No core.

Mon May 30 11:20:57 PDT 2011
No core.

Mon May 30 11:21:07 PDT 2011
No core.

Mon May 30 11:21:18 PDT 2011
No core.

Mon May 30 11:21:28 PDT 2011
No core.

Mon May 30 11:21:39 PDT 2011
No core.

Mon May 30 11:21:49 PDT 2011
No core.

Mon May 30 11:22:00 PDT 2011
No core.

Mon May 30 11:22:10 PDT 2011
No core.

Mon May 30 11:22:20 PDT 2011
No core.

Mon May 30 11:22:31 PDT 2011
No core.

Mon May 30 11:22:41 PDT 2011
No core.

Mon May 30 11:22:52 PDT 2011
No core.

Mon May 30 11:23:02 PDT 2011
No core.

Mon May 30 11:23:13 PDT 2011
No core.

Mon May 30 11:23:23 PDT 2011
No core.

Mon May 30 11:23:34 PDT 2011
No core.

Mon May 30 11:23:44 PDT 2011
No core.

Mon May 30 11:23:54 PDT 2011
No core.

Mon May 30 11:24:05 PDT 2011
No core.

Mon May 30 11:24:15 PDT 2011
No core.

Mon May 30 11:24:26 PDT 2011
No core.

Mon May 30 11:24:36 PDT 2011
No core.

Mon May 30 11:24:47 PDT 2011
No core.

Mon May 30 11:24:57 PDT 2011
No core.

Mon May 30 11:25:08 PDT 2011
No core.

Mon May 30 11:25:18 PDT 2011
No core.

Mon May 30 11:25:28 PDT 2011
No core.

Mon May 30 11:25:39 PDT 2011
No core.

Mon May 30 11:25:49 PDT 2011
No core.

Mon May 30 11:26:00 PDT 2011
No core.

Mon May 30 11:26:10 PDT 2011
No core.

Mon May 30 11:26:21 PDT 2011
No core.

Mon May 30 11:26:31 PDT 2011
No core.

Mon May 30 11:26:42 PDT 2011
No core.

Mon May 30 11:26:52 PDT 2011
No core.

Mon May 30 11:27:02 PDT 2011
No core.

Mon May 30 11:27:13 PDT 2011
No core.

Mon May 30 11:27:23 PDT 2011
No core.

Mon May 30 11:27:34 PDT 2011
No core.

Mon May 30 11:27:44 PDT 2011
No core.

Mon May 30 11:27:55 PDT 2011
No core.

Mon May 30 11:28:05 PDT 2011
No core.

Mon May 30 11:28:16 PDT 2011
No core.

Mon May 30 11:28:26 PDT 2011
No core.

Mon May 30 11:28:36 PDT 2011
No core.

Mon May 30 11:28:47 PDT 2011
No core.

Mon May 30 11:28:57 PDT 2011
No core.

Mon May 30 11:29:08 PDT 2011
No core.

Mon May 30 11:29:18 PDT 2011
No core.

Mon May 30 11:29:29 PDT 2011
No core.

Mon May 30 11:29:39 PDT 2011
No core.

Mon May 30 11:29:50 PDT 2011
No core.

Mon May 30 11:30:00 PDT 2011
No core.

Mon May 30 11:30:11 PDT 2011
No core.

Mon May 30 11:30:21 PDT 2011
No core.

Mon May 30 11:30:31 PDT 2011
No core.

Mon May 30 11:30:42 PDT 2011
No core.

Mon May 30 11:30:52 PDT 2011
No core.

Mon May 30 11:31:03 PDT 2011
No core.

Mon May 30 11:31:13 PDT 2011
No core.

Mon May 30 11:31:24 PDT 2011
No core.

Mon May 30 11:31:34 PDT 2011
No core.

Mon May 30 11:31:45 PDT 2011
No core.

Mon May 30 11:31:55 PDT 2011
No core.

Mon May 30 11:32:06 PDT 2011
No core.

Mon May 30 11:32:16 PDT 2011
No core.

Mon May 30 11:32:26 PDT 2011
No core.

Mon May 30 11:32:37 PDT 2011
No core.

Mon May 30 11:32:47 PDT 2011
No core.

Mon May 30 11:32:58 PDT 2011
No core.

Mon May 30 11:33:08 PDT 2011
No core.

Mon May 30 11:33:19 PDT 2011
No core.

Mon May 30 11:33:29 PDT 2011
No core.

Mon May 30 11:33:40 PDT 2011
No core.

Mon May 30 11:33:50 PDT 2011
No core.

Mon May 30 11:34:01 PDT 2011
No core.

Mon May 30 11:34:11 PDT 2011
No core.

Mon May 30 11:34:22 PDT 2011
No core.

Mon May 30 11:34:32 PDT 2011
No core.

Mon May 30 11:34:42 PDT 2011
No core.

Mon May 30 11:34:53 PDT 2011
No core.

Mon May 30 11:35:03 PDT 2011
No core.

Mon May 30 11:35:14 PDT 2011
No core.

Mon May 30 11:35:24 PDT 2011
No core.

Mon May 30 11:35:35 PDT 2011
No core.

Mon May 30 11:35:45 PDT 2011
No core.

Mon May 30 11:35:56 PDT 2011
No core.

Mon May 30 11:36:06 PDT 2011
No core.

Mon May 30 11:36:17 PDT 2011
No core.

Mon May 30 11:36:27 PDT 2011
No core.

Mon May 30 11:36:38 PDT 2011
No core.

Mon May 30 11:36:48 PDT 2011
No core.

Mon May 30 11:36:58 PDT 2011
No core.

Mon May 30 11:37:09 PDT 2011
No core.

Mon May 30 11:37:19 PDT 2011
No core.

Mon May 30 11:37:30 PDT 2011
No core.

Mon May 30 11:37:40 PDT 2011
No core.

Mon May 30 11:37:51 PDT 2011
No core.

Mon May 30 11:38:01 PDT 2011
No core.

Mon May 30 11:38:12 PDT 2011
No core.

Mon May 30 11:38:22 PDT 2011
No core.

Mon May 30 11:38:33 PDT 2011
No core.

Mon May 30 11:38:43 PDT 2011
No core.

Mon May 30 11:38:54 PDT 2011
No core.

Mon May 30 11:39:04 PDT 2011
No core.

Mon May 30 11:39:14 PDT 2011
No core.

Mon May 30 11:39:25 PDT 2011
No core.

Mon May 30 11:39:35 PDT 2011
No core.

Mon May 30 11:39:46 PDT 2011
No core.

Mon May 30 11:39:56 PDT 2011
No core.

Mon May 30 11:40:07 PDT 2011
No core.

Mon May 30 11:40:17 PDT 2011
No core.

Mon May 30 11:40:28 PDT 2011
No core.

Mon May 30 11:40:38 PDT 2011
No core.

Mon May 30 11:40:49 PDT 2011
No core.

Mon May 30 11:40:59 PDT 2011
No core.

Mon May 30 11:41:10 PDT 2011
No core.

Mon May 30 11:41:20 PDT 2011
No core.

Mon May 30 11:41:31 PDT 2011
No core.

Mon May 30 11:41:41 PDT 2011
No core.

Mon May 30 11:41:51 PDT 2011
No core.

Mon May 30 11:42:02 PDT 2011
No core.

Mon May 30 11:42:12 PDT 2011
No core.

Mon May 30 11:42:23 PDT 2011
No core.

Mon May 30 11:42:33 PDT 2011
No core.

Mon May 30 11:42:44 PDT 2011
No core.

Mon May 30 11:42:54 PDT 2011
No core.

Mon May 30 11:43:05 PDT 2011
No core.

Mon May 30 11:43:15 PDT 2011
No core.

Mon May 30 11:43:26 PDT 2011
No core.

Mon May 30 11:43:36 PDT 2011
No core.

Mon May 30 11:43:47 PDT 2011
No core.

Mon May 30 11:43:57 PDT 2011
No core.

Mon May 30 11:44:08 PDT 2011
No core.

Mon May 30 11:44:18 PDT 2011
No core.

Mon May 30 11:44:29 PDT 2011
No core.

Mon May 30 11:44:39 PDT 2011
No core.

Mon May 30 11:44:50 PDT 2011
No core.

Mon May 30 11:45:00 PDT 2011
No core.

Mon May 30 11:45:11 PDT 2011
No core.

Mon May 30 11:45:21 PDT 2011
No core.

Mon May 30 11:45:31 PDT 2011
No core.

Mon May 30 11:45:42 PDT 2011
No core.

Mon May 30 11:45:52 PDT 2011
No core.

Mon May 30 11:46:03 PDT 2011
No core.

Mon May 30 11:46:13 PDT 2011
No core.

Mon May 30 11:46:24 PDT 2011
No core.

Mon May 30 11:46:34 PDT 2011
No core.

Mon May 30 11:46:45 PDT 2011
No core.

Mon May 30 11:46:55 PDT 2011
No core.

Mon May 30 11:47:06 PDT 2011
No core.

Mon May 30 11:47:16 PDT 2011
No core.

Mon May 30 11:47:27 PDT 2011
No core.

Mon May 30 11:47:37 PDT 2011
No core.

Mon May 30 11:47:48 PDT 2011
No core.

Mon May 30 11:47:58 PDT 2011
No core.

Mon May 30 11:48:09 PDT 2011
No core.

Mon May 30 11:48:19 PDT 2011
No core.

Mon May 30 11:48:30 PDT 2011
No core.

Mon May 30 11:48:40 PDT 2011
No core.

Mon May 30 11:48:51 PDT 2011
No core.

Mon May 30 11:49:01 PDT 2011
No core.

Mon May 30 11:49:11 PDT 2011
No core.

Mon May 30 11:49:22 PDT 2011
No core.

Mon May 30 11:49:32 PDT 2011
No core.

Mon May 30 11:49:43 PDT 2011
No core.

Mon May 30 11:49:53 PDT 2011
No core.

Mon May 30 11:50:04 PDT 2011
No core.

Mon May 30 11:50:14 PDT 2011
No core.

Mon May 30 11:50:25 PDT 2011
No core.

Mon May 30 11:50:35 PDT 2011
No core.

Mon May 30 11:50:46 PDT 2011
No core.

Mon May 30 11:50:56 PDT 2011
No core.

Mon May 30 11:51:07 PDT 2011
No core.

Mon May 30 11:51:17 PDT 2011
No core.

Mon May 30 11:51:28 PDT 2011
No core.

Mon May 30 11:51:38 PDT 2011
No core.

Mon May 30 11:51:49 PDT 2011
No core.

Mon May 30 11:51:59 PDT 2011
No core.

Mon May 30 11:52:10 PDT 2011
No core.

Mon May 30 11:52:20 PDT 2011
No core.

Mon May 30 11:52:31 PDT 2011
No core.

Mon May 30 11:52:41 PDT 2011
No core.

Mon May 30 11:52:52 PDT 2011
No core.

Mon May 30 11:53:02 PDT 2011
No core.

Mon May 30 11:53:13 PDT 2011
No core.

Mon May 30 11:53:23 PDT 2011
No core.

Mon May 30 11:53:34 PDT 2011
No core.

Mon May 30 11:53:44 PDT 2011
No core.

Mon May 30 11:53:55 PDT 2011
No core.

Mon May 30 11:54:05 PDT 2011
No core.

Mon May 30 11:54:16 PDT 2011
No core.

Mon May 30 11:54:26 PDT 2011
No core.

Mon May 30 11:54:37 PDT 2011
No core.

Mon May 30 11:54:47 PDT 2011
No core.

Mon May 30 11:54:58 PDT 2011
No core.

Mon May 30 11:55:08 PDT 2011
No core.

Mon May 30 11:55:19 PDT 2011
No core.

Mon May 30 11:55:29 PDT 2011
No core.

Mon May 30 11:55:40 PDT 2011
No core.

Mon May 30 11:55:50 PDT 2011
No core.

Mon May 30 11:56:01 PDT 2011
No core.

Mon May 30 11:56:11 PDT 2011
No core.

Mon May 30 11:56:22 PDT 2011
No core.

Mon May 30 11:56:32 PDT 2011
No core.

Mon May 30 11:56:43 PDT 2011
No core.

Mon May 30 11:56:53 PDT 2011
No core.

Mon May 30 11:57:04 PDT 2011
No core.

Mon May 30 11:57:14 PDT 2011
No core.

Mon May 30 11:57:25 PDT 2011
No core.

Mon May 30 11:57:35 PDT 2011
No core.

Mon May 30 11:57:45 PDT 2011
No core.

Mon May 30 11:57:56 PDT 2011
No core.

Mon May 30 11:58:06 PDT 2011
No core.

Mon May 30 11:58:17 PDT 2011
No core.

Mon May 30 11:58:27 PDT 2011
No core.

Mon May 30 11:58:38 PDT 2011
No core.

Mon May 30 11:58:48 PDT 2011
No core.

Mon May 30 11:58:59 PDT 2011
No core.

Mon May 30 11:59:09 PDT 2011
No core.

Mon May 30 11:59:20 PDT 2011
No core.

Mon May 30 11:59:30 PDT 2011
No core.

Mon May 30 11:59:41 PDT 2011
No core.

Mon May 30 11:59:51 PDT 2011
No core.

Mon May 30 12:00:02 PDT 2011
No core.

Mon May 30 12:00:12 PDT 2011
No core.

Mon May 30 12:00:23 PDT 2011
No core.

Mon May 30 12:00:33 PDT 2011
No core.

Mon May 30 12:00:44 PDT 2011
No core.

Mon May 30 12:00:54 PDT 2011
No core.

Mon May 30 12:01:05 PDT 2011
No core.

Mon May 30 12:01:15 PDT 2011
No core.

Mon May 30 12:01:26 PDT 2011
No core.

Mon May 30 12:01:36 PDT 2011
No core.

Mon May 30 12:01:47 PDT 2011
No core.

Mon May 30 12:01:57 PDT 2011
No core.

Mon May 30 12:02:08 PDT 2011
No core.

Mon May 30 12:02:18 PDT 2011
No core.

Mon May 30 12:02:29 PDT 2011
No core.

Mon May 30 12:02:39 PDT 2011
No core.

Mon May 30 12:02:50 PDT 2011
No core.

Mon May 30 12:03:00 PDT 2011
No core.

Mon May 30 12:03:11 PDT 2011
No core.

Mon May 30 12:03:21 PDT 2011
No core.

Mon May 30 12:03:32 PDT 2011
No core.

Mon May 30 12:03:43 PDT 2011
No core.

Mon May 30 12:03:53 PDT 2011
No core.

Mon May 30 12:04:04 PDT 2011
No core.

Mon May 30 12:04:14 PDT 2011
No core.

Mon May 30 12:04:25 PDT 2011
No core.

Mon May 30 12:04:35 PDT 2011
No core.

Mon May 30 12:04:46 PDT 2011
No core.

Mon May 30 12:04:56 PDT 2011
No core.

Mon May 30 12:05:07 PDT 2011
No core.

Mon May 30 12:05:17 PDT 2011
No core.

Mon May 30 12:05:28 PDT 2011
No core.

Mon May 30 12:05:38 PDT 2011
No core.

Mon May 30 12:05:49 PDT 2011
No core.

Mon May 30 12:05:59 PDT 2011
No core.

Mon May 30 12:06:10 PDT 2011
No core.

Mon May 30 12:06:20 PDT 2011
No core.

Mon May 30 12:06:31 PDT 2011
No core.

Mon May 30 12:06:41 PDT 2011
No core.

Mon May 30 12:06:52 PDT 2011
No core.

Mon May 30 12:07:02 PDT 2011
No core.

Mon May 30 12:07:13 PDT 2011
No core.

Mon May 30 12:07:23 PDT 2011
No core.

Mon May 30 12:07:34 PDT 2011
No core.

Mon May 30 12:07:44 PDT 2011
No core.

Mon May 30 12:07:55 PDT 2011
No core.

Mon May 30 12:08:05 PDT 2011
No core.

Mon May 30 12:08:16 PDT 2011
No core.

Mon May 30 12:08:26 PDT 2011
No core.

Mon May 30 12:08:37 PDT 2011
No core.

Mon May 30 12:08:47 PDT 2011
No core.

Mon May 30 12:08:58 PDT 2011
No core.

Mon May 30 12:09:08 PDT 2011
No core.

Mon May 30 12:09:19 PDT 2011
No core.

Mon May 30 12:09:29 PDT 2011
No core.

Mon May 30 12:09:40 PDT 2011
No core.

Mon May 30 12:09:50 PDT 2011
No core.

Mon May 30 12:10:01 PDT 2011
No core.

Mon May 30 12:10:11 PDT 2011
No core.

Mon May 30 12:10:22 PDT 2011
No core.

Mon May 30 12:10:32 PDT 2011
No core.

Mon May 30 12:10:43 PDT 2011
No core.

Mon May 30 12:10:53 PDT 2011
No core.

Mon May 30 12:11:04 PDT 2011
No core.

Mon May 30 12:11:15 PDT 2011
No core.

Mon May 30 12:11:25 PDT 2011
No core.

Mon May 30 12:11:36 PDT 2011
No core.

Mon May 30 12:11:46 PDT 2011
No core.

Mon May 30 12:11:57 PDT 2011
No core.

Mon May 30 12:12:07 PDT 2011
No core.

Mon May 30 12:12:18 PDT 2011
No core.

Mon May 30 12:12:28 PDT 2011
No core.

Mon May 30 12:12:39 PDT 2011
No core.

Mon May 30 12:12:49 PDT 2011
No core.

Mon May 30 12:13:00 PDT 2011
No core.

Mon May 30 12:13:10 PDT 2011
No core.

Mon May 30 12:13:21 PDT 2011
No core.

Mon May 30 12:13:31 PDT 2011
No core.

Mon May 30 12:13:42 PDT 2011
No core.

Mon May 30 12:13:52 PDT 2011
No core.

Mon May 30 12:14:03 PDT 2011
No core.

Mon May 30 12:14:13 PDT 2011
No core.

Mon May 30 12:14:24 PDT 2011
No core.

Mon May 30 12:14:34 PDT 2011
No core.

Mon May 30 12:14:45 PDT 2011
No core.

Mon May 30 12:14:55 PDT 2011
No core.

Mon May 30 12:15:06 PDT 2011
No core.

Mon May 30 12:15:17 PDT 2011
No core.

Mon May 30 12:15:27 PDT 2011
No core.

Mon May 30 12:15:38 PDT 2011
No core.

Mon May 30 12:15:48 PDT 2011
No core.

Mon May 30 12:15:59 PDT 2011
No core.

Mon May 30 12:16:09 PDT 2011
No core.

Mon May 30 12:16:20 PDT 2011
No core.

Mon May 30 12:16:30 PDT 2011
No core.

Mon May 30 12:16:41 PDT 2011
No core.

Mon May 30 12:16:51 PDT 2011
No core.

Mon May 30 12:17:02 PDT 2011
No core.

Mon May 30 12:17:12 PDT 2011
No core.

Mon May 30 12:17:23 PDT 2011
No core.

Mon May 30 12:17:33 PDT 2011
No core.

Mon May 30 12:17:44 PDT 2011
No core.

Mon May 30 12:17:54 PDT 2011
No core.

Mon May 30 12:18:05 PDT 2011
No core.

Mon May 30 12:18:15 PDT 2011
No core.

Mon May 30 12:18:26 PDT 2011
No core.

Mon May 30 12:18:37 PDT 2011
No core.

Mon May 30 12:18:47 PDT 2011
No core.

Mon May 30 12:18:58 PDT 2011
No core.

Mon May 30 12:19:08 PDT 2011
No core.

Mon May 30 12:19:19 PDT 2011
No core.

Mon May 30 12:19:29 PDT 2011
No core.

Mon May 30 12:19:40 PDT 2011
No core.

Mon May 30 12:19:50 PDT 2011
No core.

Mon May 30 12:20:01 PDT 2011
No core.

Mon May 30 12:20:11 PDT 2011
No core.

Mon May 30 12:20:22 PDT 2011
No core.

Mon May 30 12:20:32 PDT 2011
No core.

Mon May 30 12:20:43 PDT 2011
No core.

Mon May 30 12:20:53 PDT 2011
No core.

Mon May 30 12:21:04 PDT 2011
No core.

Mon May 30 12:21:14 PDT 2011
No core.

Mon May 30 12:21:25 PDT 2011
No core.

Mon May 30 12:21:36 PDT 2011
No core.

Mon May 30 12:21:46 PDT 2011
No core.

Mon May 30 12:21:57 PDT 2011
No core.

Mon May 30 12:22:07 PDT 2011
No core.

Mon May 30 12:22:18 PDT 2011
No core.

Mon May 30 12:22:28 PDT 2011
No core.

Mon May 30 12:22:39 PDT 2011
No core.

Mon May 30 12:22:49 PDT 2011
No core.

Mon May 30 12:23:00 PDT 2011
No core.

Mon May 30 12:23:10 PDT 2011
No core.

Mon May 30 12:23:21 PDT 2011
No core.

Mon May 30 12:23:31 PDT 2011
No core.

Mon May 30 12:23:42 PDT 2011
No core.

Mon May 30 12:23:52 PDT 2011
No core.

Mon May 30 12:24:03 PDT 2011
No core.

Mon May 30 12:24:14 PDT 2011
No core.

Mon May 30 12:24:24 PDT 2011
No core.

Mon May 30 12:24:35 PDT 2011
No core.

Mon May 30 12:24:45 PDT 2011
No core.

Mon May 30 12:24:56 PDT 2011
No core.

Mon May 30 12:25:06 PDT 2011
No core.

Mon May 30 12:25:17 PDT 2011
No core.

Mon May 30 12:25:27 PDT 2011
No core.

Mon May 30 12:25:38 PDT 2011
No core.

Mon May 30 12:25:48 PDT 2011
No core.

Mon May 30 12:25:59 PDT 2011
No core.

Mon May 30 12:26:09 PDT 2011
No core.

Mon May 30 12:26:20 PDT 2011
No core.

Mon May 30 12:26:31 PDT 2011
No core.

Mon May 30 12:26:41 PDT 2011
No core.

Mon May 30 12:26:52 PDT 2011
No core.

Mon May 30 12:27:02 PDT 2011
No core.

Mon May 30 12:27:13 PDT 2011
No core.

Mon May 30 12:27:23 PDT 2011
No core.

Mon May 30 12:27:34 PDT 2011
No core.

Mon May 30 12:27:44 PDT 2011
No core.

Mon May 30 12:27:55 PDT 2011
No core.

Mon May 30 12:28:06 PDT 2011
No core.

Mon May 30 12:28:16 PDT 2011
No core.

Mon May 30 12:28:27 PDT 2011
No core.

Mon May 30 12:28:37 PDT 2011
No core.

Mon May 30 12:28:48 PDT 2011
No core.

Mon May 30 12:28:58 PDT 2011
No core.

Mon May 30 12:29:09 PDT 2011
No core.

Mon May 30 12:29:19 PDT 2011
No core.

Mon May 30 12:29:30 PDT 2011
No core.

Mon May 30 12:29:40 PDT 2011
No core.

Mon May 30 12:29:51 PDT 2011
No core.

Mon May 30 12:30:01 PDT 2011
No core.

Mon May 30 12:30:12 PDT 2011
No core.

Mon May 30 12:30:23 PDT 2011
No core.

Mon May 30 12:30:33 PDT 2011
No core.

Mon May 30 12:30:44 PDT 2011
No core.

Mon May 30 12:30:54 PDT 2011
No core.

Mon May 30 12:31:05 PDT 2011
No core.

Mon May 30 12:31:15 PDT 2011
No core.

Mon May 30 12:31:26 PDT 2011
No core.

Mon May 30 12:31:36 PDT 2011
No core.

Mon May 30 12:31:47 PDT 2011
No core.

Mon May 30 12:31:57 PDT 2011
No core.

Mon May 30 12:32:08 PDT 2011
No core.

Mon May 30 12:32:19 PDT 2011
No core.

Mon May 30 12:32:29 PDT 2011
No core.

Mon May 30 12:32:40 PDT 2011
No core.

Mon May 30 12:32:50 PDT 2011
No core.

Mon May 30 12:33:01 PDT 2011
No core.

Mon May 30 12:33:11 PDT 2011
No core.

Mon May 30 12:33:22 PDT 2011
No core.

Mon May 30 12:33:32 PDT 2011
No core.

Mon May 30 12:33:43 PDT 2011
No core.

Mon May 30 12:33:54 PDT 2011
No core.

Mon May 30 12:34:04 PDT 2011
No core.

Mon May 30 12:34:15 PDT 2011
No core.

Mon May 30 12:34:25 PDT 2011
No core.

Mon May 30 12:34:36 PDT 2011
No core.

Mon May 30 12:34:46 PDT 2011
No core.

Mon May 30 12:34:57 PDT 2011
No core.

Mon May 30 12:35:07 PDT 2011
No core.

Mon May 30 12:35:18 PDT 2011
No core.

Mon May 30 12:35:29 PDT 2011
No core.

Mon May 30 12:35:39 PDT 2011
No core.

Mon May 30 12:35:50 PDT 2011
No core.

Mon May 30 12:36:00 PDT 2011
No core.

Mon May 30 12:36:11 PDT 2011
No core.

Mon May 30 12:36:21 PDT 2011
No core.

Mon May 30 12:36:32 PDT 2011
No core.

Mon May 30 12:36:42 PDT 2011
No core.

Mon May 30 12:36:53 PDT 2011
No core.

Mon May 30 12:37:04 PDT 2011
No core.

Mon May 30 12:37:14 PDT 2011
No core.

Mon May 30 12:37:25 PDT 2011
No core.

Mon May 30 12:37:35 PDT 2011
No core.

Mon May 30 12:37:46 PDT 2011
No core.

Mon May 30 12:37:56 PDT 2011
No core.

Mon May 30 12:38:07 PDT 2011
No core.

Mon May 30 12:38:17 PDT 2011
No core.

Mon May 30 12:38:28 PDT 2011
No core.

Mon May 30 12:38:39 PDT 2011
No core.

Mon May 30 12:38:49 PDT 2011
No core.

Mon May 30 12:39:00 PDT 2011
No core.

Mon May 30 12:39:10 PDT 2011
No core.

Mon May 30 12:39:21 PDT 2011
No core.

Mon May 30 12:39:31 PDT 2011
No core.

Mon May 30 12:39:42 PDT 2011
No core.

Mon May 30 12:39:52 PDT 2011
No core.

Mon May 30 12:40:03 PDT 2011
No core.

Mon May 30 12:40:14 PDT 2011
No core.

Mon May 30 12:40:24 PDT 2011
No core.

Mon May 30 12:40:35 PDT 2011
No core.

Mon May 30 12:40:45 PDT 2011
No core.

Mon May 30 12:40:56 PDT 2011
No core.

Mon May 30 12:41:06 PDT 2011
No core.

Mon May 30 12:41:17 PDT 2011
No core.

Mon May 30 12:41:28 PDT 2011
No core.

Mon May 30 12:41:38 PDT 2011
No core.

Mon May 30 12:41:49 PDT 2011
No core.

Mon May 30 12:41:59 PDT 2011
No core.

Mon May 30 12:42:10 PDT 2011
No core.

Mon May 30 12:42:20 PDT 2011
No core.

Mon May 30 12:42:31 PDT 2011
No core.

Mon May 30 12:42:41 PDT 2011
No core.

Mon May 30 12:42:52 PDT 2011
No core.

Mon May 30 12:43:03 PDT 2011
No core.

Mon May 30 12:43:13 PDT 2011
No core.

Mon May 30 12:43:24 PDT 2011
No core.

Mon May 30 12:43:34 PDT 2011
No core.

Mon May 30 12:43:45 PDT 2011
No core.

Mon May 30 12:43:55 PDT 2011
No core.

Mon May 30 12:44:06 PDT 2011
No core.

Mon May 30 12:44:17 PDT 2011
No core.

Mon May 30 12:44:27 PDT 2011
No core.

Mon May 30 12:44:38 PDT 2011
No core.

Mon May 30 12:44:48 PDT 2011
No core.

Mon May 30 12:44:59 PDT 2011
No core.

Mon May 30 12:45:09 PDT 2011
No core.

Mon May 30 12:45:20 PDT 2011
No core.

Mon May 30 12:45:31 PDT 2011
No core.

Mon May 30 12:45:41 PDT 2011
No core.

Mon May 30 12:45:52 PDT 2011
No core.

Mon May 30 12:46:02 PDT 2011
No core.

Mon May 30 12:46:13 PDT 2011
No core.

Mon May 30 12:46:23 PDT 2011
No core.

Mon May 30 12:46:34 PDT 2011
No core.

Mon May 30 12:46:45 PDT 2011
No core.

Mon May 30 12:46:55 PDT 2011
No core.

Mon May 30 12:47:06 PDT 2011
No core.

Mon May 30 12:47:16 PDT 2011
No core.

Mon May 30 12:47:27 PDT 2011
No core.

Mon May 30 12:47:37 PDT 2011
No core.

Mon May 30 12:47:48 PDT 2011
No core.

Mon May 30 12:47:59 PDT 2011
No core.

Mon May 30 12:48:09 PDT 2011
No core.

Mon May 30 12:48:20 PDT 2011
No core.

Mon May 30 12:48:30 PDT 2011
No core.

Mon May 30 12:48:41 PDT 2011
No core.

Mon May 30 12:48:52 PDT 2011
No core.

Mon May 30 12:49:02 PDT 2011
No core.

Mon May 30 12:49:13 PDT 2011
No core.

Mon May 30 12:49:23 PDT 2011
No core.

Mon May 30 12:49:34 PDT 2011
No core.

Mon May 30 12:49:44 PDT 2011
No core.

Mon May 30 12:49:55 PDT 2011
No core.

Mon May 30 12:50:06 PDT 2011
No core.

Mon May 30 12:50:16 PDT 2011
No core.

Mon May 30 12:50:27 PDT 2011
No core.

Mon May 30 12:50:37 PDT 2011
No core.

Mon May 30 12:50:48 PDT 2011
No core.

Mon May 30 12:50:58 PDT 2011
No core.

Mon May 30 12:51:09 PDT 2011
No core.

Mon May 30 12:51:20 PDT 2011
No core.

Mon May 30 12:51:30 PDT 2011
No core.

Mon May 30 12:51:41 PDT 2011
No core.

Mon May 30 12:51:51 PDT 2011
No core.

Mon May 30 12:52:02 PDT 2011
No core.

Mon May 30 12:52:12 PDT 2011
No core.

Mon May 30 12:52:23 PDT 2011
No core.

Mon May 30 12:52:34 PDT 2011
No core.

Mon May 30 12:52:44 PDT 2011
No core.

Mon May 30 12:52:55 PDT 2011
No core.

Mon May 30 12:53:05 PDT 2011
No core.

Mon May 30 12:53:16 PDT 2011
No core.

Mon May 30 12:53:27 PDT 2011
No core.

Mon May 30 12:53:37 PDT 2011
No core.

Mon May 30 12:53:48 PDT 2011
No core.

Mon May 30 12:53:58 PDT 2011
No core.

Mon May 30 12:54:09 PDT 2011
No core.

Mon May 30 12:54:19 PDT 2011
No core.

Mon May 30 12:54:30 PDT 2011
No core.
Killed

Mon May 30 13:45:17 PDT 2011
No core.
Segmentation fault (core dumped)

Mon May 30 15:29:13 PDT 2011
No core.
Killed

Mon May 30 17:18:02 PDT 2011
No core.
Killed

Mon May 30 18:10:58 PDT 2011
No core.
Killed

Mon May 30 20:05:15 PDT 2011
No core.
Killed

Mon May 30 20:05:53 PDT 2011
No core.
Segmentation fault (core dumped)

Mon May 30 20:22:17 PDT 2011
No core.
Segmentation fault (core dumped)

Mon May 30 20:23:43 PDT 2011
No core.
gzip: No match.
Killed

Mon May 30 21:15:16 PDT 2011
No core.
Killed

Mon May 30 21:35:03 PDT 2011
No core.
Killed

Tue May 31 02:05:27 PDT 2011
No core.
Killed

Tue May 31 03:49:03 PDT 2011
No core.
Killed

Tue May 31 10:04:57 PDT 2011
No core.
Segmentation fault (core dumped)

Tue May 31 11:57:55 PDT 2011
No core.
Killed

Tue May 31 11:58:11 PDT 2011
No core.
Killed

Tue May 31 14:10:35 PDT 2011
No core.
Segmentation fault (core dumped)

Tue May 31 14:53:54 PDT 2011
No core.
Segmentation fault (core dumped)

Tue May 31 14:55:30 PDT 2011
No core.
Killed

Tue May 31 16:05:53 PDT 2011
No core.
Killed

Tue May 31 16:56:30 PDT 2011
No core.
Killed

Tue May 31 19:29:43 PDT 2011
No core.

Tue May 31 21:00:02 PDT 2011
No core.
Segmentation fault (core dumped)

Tue May 31 23:01:10 PDT 2011
No core.
Killed

Wed Jun  1 02:05:26 PDT 2011
No core.
Killed

Wed Jun  1 09:26:05 PDT 2011
No core.
Killed

Wed Jun  1 12:58:52 PDT 2011
No core.
Killed

Wed Jun  1 13:55:34 PDT 2011
No core.
Killed

Wed Jun  1 14:17:22 PDT 2011
No core.
Killed

Wed Jun  1 14:39:10 PDT 2011
No core.
Killed

Wed Jun  1 18:29:36 PDT 2011
No core.
Killed

Wed Jun  1 18:39:16 PDT 2011
No core.
Killed

Wed Jun  1 22:15:03 PDT 2011
No core.
Killed

Thu Jun  2 06:42:49 PDT 2011
No core.
Killed

Thu Jun  2 08:24:56 PDT 2011
No core.
Killed

Thu Jun  2 10:02:01 PDT 2011
No core.
Killed

Thu Jun  2 11:23:57 PDT 2011
No core.
Killed

Thu Jun  2 11:48:18 PDT 2011
No core.
Killed

Thu Jun  2 16:52:03 PDT 2011
No core.
Killed

Thu Jun  2 22:42:16 PDT 2011
No core.
Killed

Fri Jun  3 01:11:22 PDT 2011
No core.
Killed

Fri Jun  3 04:51:38 PDT 2011
No core.
Killed

Fri Jun  3 06:34:48 PDT 2011
No core.
Killed

Fri Jun  3 07:49:38 PDT 2011
No core.
Killed

Fri Jun  3 10:26:53 PDT 2011
No core.
Killed

Fri Jun  3 10:29:59 PDT 2011
No core.
Killed

Fri Jun  3 10:38:39 PDT 2011
No core.
Killed

Fri Jun  3 10:48:20 PDT 2011
No core.
Killed

Fri Jun  3 12:29:27 PDT 2011
No core.
Segmentation fault (core dumped)

Fri Jun  3 13:32:31 PDT 2011
No core.
Killed

Fri Jun  3 15:23:20 PDT 2011
No core.
Killed

Fri Jun  3 15:54:13 PDT 2011
No core.
Segmentation fault (core dumped)

Fri Jun  3 17:48:32 PDT 2011
No core.
Segmentation fault (core dumped)

Fri Jun  3 17:52:03 PDT 2011
No core.
Segmentation fault (core dumped)

Fri Jun  3 18:06:33 PDT 2011
No core.
Killed

Fri Jun  3 19:53:16 PDT 2011
No core.
Killed

Fri Jun  3 20:14:34 PDT 2011
No core.
Killed

Fri Jun  3 20:23:14 PDT 2011
No core.
Killed

Fri Jun  3 23:12:34 PDT 2011
No core.
Killed

Sat Jun  4 05:29:58 PDT 2011
No core.
Killed

Sat Jun  4 07:12:37 PDT 2011
No core.
Killed

Sat Jun  4 10:31:21 PDT 2011
No core.
Killed

Sat Jun  4 10:46:05 PDT 2011
No core.
Killed

Sat Jun  4 10:56:16 PDT 2011
No core.
Killed

Sat Jun  4 11:06:57 PDT 2011
No core.
Killed

Sat Jun  4 12:46:04 PDT 2011
No core.
Killed

Sat Jun  4 13:11:25 PDT 2011
No core.
Segmentation fault (core dumped)

Sat Jun  4 14:03:58 PDT 2011
No core.
Killed

Sat Jun  4 20:31:42 PDT 2011
No core.
Killed

Sat Jun  4 21:05:38 PDT 2011
No core.
Killed

Sat Jun  4 23:57:01 PDT 2011
No core.
Killed

Sun Jun  5 03:49:29 PDT 2011
No core.
Killed

Sun Jun  5 08:37:34 PDT 2011
No core.
Killed

Sun Jun  5 08:40:10 PDT 2011
No core.
Killed

Sun Jun  5 09:47:57 PDT 2011
No core.
Killed

Sun Jun  5 11:58:23 PDT 2011
No core.
Killed

Sun Jun  5 12:54:33 PDT 2011
No core.
Killed

Sun Jun  5 15:20:41 PDT 2011
No core.
Killed

Sun Jun  5 18:34:14 PDT 2011
No core.
Killed

Sun Jun  5 22:38:24 PDT 2011
No core.
Killed

Sun Jun  5 22:49:05 PDT 2011
No core.
Killed

Mon Jun  6 03:55:49 PDT 2011
No core.
Killed

Mon Jun  6 05:46:34 PDT 2011
No core.
Killed

Mon Jun  6 06:33:38 PDT 2011
No core.
Killed

Mon Jun  6 06:47:21 PDT 2011
No core.
Killed

Mon Jun  6 06:49:27 PDT 2011
No core.
Killed

Mon Jun  6 07:29:58 PDT 2011
No core.
Killed

Mon Jun  6 13:57:37 PDT 2011
No core.
gzip: No match.
Segmentation fault (core dumped)

Tue Jun  7 02:46:52 PDT 2011
No core.
Segmentation fault (core dumped)

Tue Jun  7 02:55:00 PDT 2011
No core.
Segmentation fault (core dumped)

Tue Jun  7 21:45:57 PDT 2011
No core.
Segmentation fault (core dumped)

Wed Jun  8 21:26:49 PDT 2011
No core.

Wed Jun  8 21:36:57 PDT 2011
No core.

Thu Jun  9 18:29:26 PDT 2011
No core.

Sat Jun 11 11:46:32 PDT 2011
No core.
gzip: No match.

Fri Jun 17 22:34:31 PDT 2011
No core.

Sat Jun 18 00:09:10 PDT 2011
No core.
Segmentation fault (core dumped)

Mon Jun 20 16:03:09 PDT 2011
No core.
Segmentation fault (core dumped)

Wed Jun 22 12:30:23 PDT 2011
No core.

Thu Jun 23 21:00:40 PDT 2011
No core.

Sat Jun 25 14:15:03 PDT 2011
No core.
Segmentation fault (core dumped)

Sun Jun 26 06:20:00 PDT 2011
No core.

Mon Jun 27 18:40:58 PDT 2011
No core.
gzip: No match.

Tue Jun 28 22:08:03 PDT 2011
No core.
Segmentation fault (core dumped)

Thu Jun 30 05:51:24 PDT 2011
No core.

Mon Jul  4 22:45:19 PDT 2011
No core.

Tue Jul  5 19:58:44 PDT 2011
No core.
